This file contains any messages produced by compilers while
running configure, to aid debugging if configure makes a mistake.

It was created by qd configure 2.3.20, which was
generated by GNU Autoconf 2.65.  Invocation command line was

  $ ./configure CC=gcc FC=gfortran

## --------- ##
## Platform. ##
## --------- ##

hostname = MacBook-Pro
uname -m = x86_64
uname -r = 20.3.0
uname -s = Darwin
uname -v = Darwin Kernel Version 20.3.0: Thu Jan 21 00:07:06 PST 2021; root:xnu-7195.81.3~1/RELEASE_X86_64

/usr/bin/uname -p = i386
/bin/uname -X     = unknown

/bin/arch              = unknown
/usr/bin/arch -k       = unknown
/usr/convex/getsysinfo = unknown
/usr/bin/hostinfo      = Mach kernel version:
	 Darwin Kernel Version 20.3.0: Thu Jan 21 00:07:06 PST 2021; root:xnu-7195.81.3~1/RELEASE_X86_64
Kernel configured for up to 8 processors.
4 processors are physically available.
8 processors are logically available.
Processor type: x86_64h (Intel x86-64h Haswell)
Processors active: 0 1 2 3 4 5 6 7
Primary memory available: 8.00 gigabytes
Default processor set: 509 tasks, 2388 threads, 8 processors
Load average: 4.07, Mach factor: 4.27
/bin/machine           = unknown
/usr/bin/oslevel       = unknown
/bin/universe          = unknown

PATH: /Applications/Racket v7.9/bin
PATH: /Users/maksim/opt/anaconda3/bin
PATH: /Users/maksim/opt/anaconda3/condabin
PATH: /Users/maksim/bin
PATH: /usr/local/bin
PATH: usr/local/anaconda3/vin
PATH: /Library/Frameworks/Python.framework/Versions/3.8/bin
PATH: /Users/maksim/opt/anaconda3/bin
PATH: /usr/local/bin
PATH: /usr/bin
PATH: /bin
PATH: /usr/sbin
PATH: /sbin
PATH: /usr/local/share/dotnet
PATH: /opt/X11/bin
PATH: ~/.dotnet/tools
PATH: /Library/Apple/usr/bin
PATH: /Library/Frameworks/Mono.framework/Versions/Current/Commands


## ----------- ##
## Core tests. ##
## ----------- ##

configure:2749: checking for a BSD-compatible install
configure:2817: result: /usr/bin/install -c
configure:2828: checking whether build environment is sane
configure:2878: result: yes
configure:3019: checking for a thread-safe mkdir -p
configure:3058: result: config/install-sh -c -d
configure:3071: checking for gawk
configure:3101: result: no
configure:3071: checking for mawk
configure:3101: result: no
configure:3071: checking for nawk
configure:3101: result: no
configure:3071: checking for awk
configure:3087: found /usr/bin/awk
configure:3098: result: awk
configure:3109: checking whether make sets $(MAKE)
configure:3131: result: yes
configure:3220: checking build system type
configure:3234: result: x86_64-apple-darwin20.3.0
configure:3254: checking host system type
configure:3267: result: x86_64-apple-darwin20.3.0
configure:3295: checking if commonly used function is to be inlined
configure:3303: result: yes
configure:3312: checking if addition with IEEE-style error bound is to be used
configure:3321: result: no
configure:3330: checking if sloppy multiplication is to be used
configure:3338: result: yes
configure:3347: checking if sloppy division is to be used
configure:3355: result: yes
configure:3365: checking if debugging code is to be enabled
configure:3374: result: no
configure:3383: checking if compiler warnings is to be enabled
configure:3388: result: no
configure:3474: checking for xlC_r
configure:3504: result: no
configure:3474: checking for xlC
configure:3504: result: no
configure:3474: checking for icpc
configure:3504: result: no
configure:3474: checking for pathCC
configure:3504: result: no
configure:3474: checking for c++
configure:3490: found /usr/bin/c++
configure:3501: result: c++
configure:3528: checking for C++ compiler version
configure:3537: c++ --version >&5
Apple clang version 12.0.0 (clang-1200.0.32.29)
Target: x86_64-apple-darwin20.3.0
Thread model: posix
InstalledDir: /Applications/Xcode.app/Contents/Developer/Toolchains/XcodeDefault.xctoolchain/usr/bin
configure:3548: $? = 0
configure:3537: c++ -v >&5
Apple clang version 12.0.0 (clang-1200.0.32.29)
Target: x86_64-apple-darwin20.3.0
Thread model: posix
InstalledDir: /Applications/Xcode.app/Contents/Developer/Toolchains/XcodeDefault.xctoolchain/usr/bin
configure:3548: $? = 0
configure:3537: c++ -V >&5
clang: error: argument to '-V' is missing (expected 1 value)
clang: error: no input files
configure:3548: $? = 1
configure:3537: c++ -qversion >&5
clang: error: unknown argument '-qversion'; did you mean '--version'?
clang: error: no input files
configure:3548: $? = 1
configure:3568: checking whether the C++ compiler works
configure:3590: c++ -O2   conftest.cpp  >&5
configure:3594: $? = 0
configure:3643: result: yes
configure:3646: checking for C++ compiler default output file name
configure:3648: result: a.out
configure:3654: checking for suffix of executables
configure:3661: c++ -o conftest -O2   conftest.cpp  >&5
configure:3665: $? = 0
configure:3687: result: 
configure:3709: checking whether we are cross compiling
configure:3717: c++ -o conftest -O2   conftest.cpp  >&5
configure:3721: $? = 0
configure:3728: ./conftest
configure:3732: $? = 0
configure:3747: result: no
configure:3752: checking for suffix of object files
configure:3774: c++ -c -O2  conftest.cpp >&5
configure:3778: $? = 0
configure:3799: result: o
configure:3803: checking whether we are using the GNU C++ compiler
configure:3822: c++ -c -O2  conftest.cpp >&5
configure:3822: $? = 0
configure:3831: result: yes
configure:3840: checking whether c++ accepts -g
configure:3860: c++ -c -g  conftest.cpp >&5
configure:3860: $? = 0
configure:3901: result: yes
configure:3935: checking for style of include used by make
configure:3963: result: GNU
configure:3988: checking dependency style of c++
configure:4098: result: gcc3
configure:4164: checking for gcc
configure:4191: result: gcc
configure:4420: checking for C compiler version
configure:4429: gcc --version >&5
Apple clang version 12.0.0 (clang-1200.0.32.29)
Target: x86_64-apple-darwin20.3.0
Thread model: posix
InstalledDir: /Applications/Xcode.app/Contents/Developer/Toolchains/XcodeDefault.xctoolchain/usr/bin
Configured with: --prefix=/Applications/Xcode.app/Contents/Developer/usr --with-gxx-include-dir=/Applications/Xcode.app/Contents/Developer/Platforms/MacOSX.platform/Developer/SDKs/MacOSX.sdk/usr/include/c++/4.2.1
configure:4440: $? = 0
configure:4429: gcc -v >&5
Configured with: --prefix=/Applications/Xcode.app/Contents/Developer/usr --with-gxx-include-dir=/Applications/Xcode.app/Contents/Developer/Platforms/MacOSX.platform/Developer/SDKs/MacOSX.sdk/usr/include/c++/4.2.1
Apple clang version 12.0.0 (clang-1200.0.32.29)
Target: x86_64-apple-darwin20.3.0
Thread model: posix
InstalledDir: /Applications/Xcode.app/Contents/Developer/Toolchains/XcodeDefault.xctoolchain/usr/bin
configure:4440: $? = 0
configure:4429: gcc -V >&5
clang: error: argument to '-V' is missing (expected 1 value)
clang: error: no input files
configure:4440: $? = 1
configure:4429: gcc -qversion >&5
clang: error: unknown argument '-qversion'; did you mean '--version'?
clang: error: no input files
configure:4440: $? = 1
configure:4444: checking whether we are using the GNU C compiler
configure:4463: gcc -c   conftest.c >&5
configure:4463: $? = 0
configure:4472: result: yes
configure:4481: checking whether gcc accepts -g
configure:4501: gcc -c -g  conftest.c >&5
configure:4501: $? = 0
configure:4542: result: yes
configure:4559: checking for gcc option to accept ISO C89
configure:4623: gcc  -c -g -O2  conftest.c >&5
configure:4623: $? = 0
configure:4636: result: none needed
configure:4658: checking dependency style of gcc
configure:4768: result: gcc3
configure:5571: checking how to run the C++ preprocessor
configure:5598: c++ -E  conftest.cpp
configure:5598: $? = 0
configure:5612: c++ -E  conftest.cpp
conftest.cpp:17:10: fatal error: 'ac_nonexistent.h' file not found
#include <ac_nonexistent.h>
         ^~~~~~~~~~~~~~~~~~
1 error generated.
configure:5612: $? = 1
configure: failed program was:
| /* confdefs.h */
| #define PACKAGE_NAME "qd"
| #define PACKAGE_TARNAME "qd"
| #define PACKAGE_VERSION "2.3.20"
| #define PACKAGE_STRING "qd 2.3.20"
| #define PACKAGE_BUGREPORT "yozo@cs.berkeley.edu"
| #define PACKAGE_URL ""
| #define MAJOR_VERSION 2
| #define MINOR_VERSION 3
| #define PATCH_VERSION 12
| #define PACKAGE "qd"
| #define VERSION "2.3.20"
| #define QD_INLINE 1
| #define QD_SLOPPY_MUL 1
| #define QD_SLOPPY_DIV 1
| /* end confdefs.h.  */
| #include <ac_nonexistent.h>
configure:5637: result: c++ -E
configure:5657: c++ -E  conftest.cpp
configure:5657: $? = 0
configure:5671: c++ -E  conftest.cpp
conftest.cpp:17:10: fatal error: 'ac_nonexistent.h' file not found
#include <ac_nonexistent.h>
         ^~~~~~~~~~~~~~~~~~
1 error generated.
configure:5671: $? = 1
configure: failed program was:
| /* confdefs.h */
| #define PACKAGE_NAME "qd"
| #define PACKAGE_TARNAME "qd"
| #define PACKAGE_VERSION "2.3.20"
| #define PACKAGE_STRING "qd 2.3.20"
| #define PACKAGE_BUGREPORT "yozo@cs.berkeley.edu"
| #define PACKAGE_URL ""
| #define MAJOR_VERSION 2
| #define MINOR_VERSION 3
| #define PATCH_VERSION 12
| #define PACKAGE "qd"
| #define VERSION "2.3.20"
| #define QD_INLINE 1
| #define QD_SLOPPY_MUL 1
| #define QD_SLOPPY_DIV 1
| /* end confdefs.h.  */
| #include <ac_nonexistent.h>
configure:5700: checking for grep that handles long lines and -e
configure:5758: result: /usr/bin/grep
configure:5763: checking for egrep
configure:5825: result: /usr/bin/grep -E
configure:5830: checking for ANSI C header files
configure:5850: c++ -c -O2   conftest.cpp >&5
configure:5850: $? = 0
configure:5923: c++ -o conftest -O2    conftest.cpp  >&5
configure:5923: $? = 0
configure:5923: ./conftest
configure:5923: $? = 0
configure:5934: result: yes
configure:5947: checking for sys/types.h
configure:5947: c++ -c -O2   conftest.cpp >&5
configure:5947: $? = 0
configure:5947: result: yes
configure:5947: checking for sys/stat.h
configure:5947: c++ -c -O2   conftest.cpp >&5
configure:5947: $? = 0
configure:5947: result: yes
configure:5947: checking for stdlib.h
configure:5947: c++ -c -O2   conftest.cpp >&5
configure:5947: $? = 0
configure:5947: result: yes
configure:5947: checking for string.h
configure:5947: c++ -c -O2   conftest.cpp >&5
configure:5947: $? = 0
configure:5947: result: yes
configure:5947: checking for memory.h
configure:5947: c++ -c -O2   conftest.cpp >&5
configure:5947: $? = 0
configure:5947: result: yes
configure:5947: checking for strings.h
configure:5947: c++ -c -O2   conftest.cpp >&5
configure:5947: $? = 0
configure:5947: result: yes
configure:5947: checking for inttypes.h
configure:5947: c++ -c -O2   conftest.cpp >&5
configure:5947: $? = 0
configure:5947: result: yes
configure:5947: checking for stdint.h
configure:5947: c++ -c -O2   conftest.cpp >&5
configure:5947: $? = 0
configure:5947: result: yes
configure:5947: checking for unistd.h
configure:5947: c++ -c -O2   conftest.cpp >&5
configure:5947: $? = 0
configure:5947: result: yes
configure:5962: checking ieeefp.h usability
configure:5962: c++ -c -O2   conftest.cpp >&5
conftest.cpp:60:10: fatal error: 'ieeefp.h' file not found
#include <ieeefp.h>
         ^~~~~~~~~~
1 error generated.
configure:5962: $? = 1
configure: failed program was:
| /* confdefs.h */
| #define PACKAGE_NAME "qd"
| #define PACKAGE_TARNAME "qd"
| #define PACKAGE_VERSION "2.3.20"
| #define PACKAGE_STRING "qd 2.3.20"
| #define PACKAGE_BUGREPORT "yozo@cs.berkeley.edu"
| #define PACKAGE_URL ""
| #define MAJOR_VERSION 2
| #define MINOR_VERSION 3
| #define PATCH_VERSION 12
| #define PACKAGE "qd"
| #define VERSION "2.3.20"
| #define QD_INLINE 1
| #define QD_SLOPPY_MUL 1
| #define QD_SLOPPY_DIV 1
| #define STDC_HEADERS 1
| #define HAVE_SYS_TYPES_H 1
| #define HAVE_SYS_STAT_H 1
| #define HAVE_STDLIB_H 1
| #define HAVE_STRING_H 1
| #define HAVE_MEMORY_H 1
| #define HAVE_STRINGS_H 1
| #define HAVE_INTTYPES_H 1
| #define HAVE_STDINT_H 1
| #define HAVE_UNISTD_H 1
| /* end confdefs.h.  */
| #include <stdio.h>
| #ifdef HAVE_SYS_TYPES_H
| # include <sys/types.h>
| #endif
| #ifdef HAVE_SYS_STAT_H
| # include <sys/stat.h>
| #endif
| #ifdef STDC_HEADERS
| # include <stdlib.h>
| # include <stddef.h>
| #else
| # ifdef HAVE_STDLIB_H
| #  include <stdlib.h>
| # endif
| #endif
| #ifdef HAVE_STRING_H
| # if !defined STDC_HEADERS && defined HAVE_MEMORY_H
| #  include <memory.h>
| # endif
| # include <string.h>
| #endif
| #ifdef HAVE_STRINGS_H
| # include <strings.h>
| #endif
| #ifdef HAVE_INTTYPES_H
| # include <inttypes.h>
| #endif
| #ifdef HAVE_STDINT_H
| # include <stdint.h>
| #endif
| #ifdef HAVE_UNISTD_H
| # include <unistd.h>
| #endif
| #include <ieeefp.h>
configure:5962: result: no
configure:5962: checking ieeefp.h presence
configure:5962: c++ -E  conftest.cpp
conftest.cpp:27:10: fatal error: 'ieeefp.h' file not found
#include <ieeefp.h>
         ^~~~~~~~~~
1 error generated.
configure:5962: $? = 1
configure: failed program was:
| /* confdefs.h */
| #define PACKAGE_NAME "qd"
| #define PACKAGE_TARNAME "qd"
| #define PACKAGE_VERSION "2.3.20"
| #define PACKAGE_STRING "qd 2.3.20"
| #define PACKAGE_BUGREPORT "yozo@cs.berkeley.edu"
| #define PACKAGE_URL ""
| #define MAJOR_VERSION 2
| #define MINOR_VERSION 3
| #define PATCH_VERSION 12
| #define PACKAGE "qd"
| #define VERSION "2.3.20"
| #define QD_INLINE 1
| #define QD_SLOPPY_MUL 1
| #define QD_SLOPPY_DIV 1
| #define STDC_HEADERS 1
| #define HAVE_SYS_TYPES_H 1
| #define HAVE_SYS_STAT_H 1
| #define HAVE_STDLIB_H 1
| #define HAVE_STRING_H 1
| #define HAVE_MEMORY_H 1
| #define HAVE_STRINGS_H 1
| #define HAVE_INTTYPES_H 1
| #define HAVE_STDINT_H 1
| #define HAVE_UNISTD_H 1
| /* end confdefs.h.  */
| #include <ieeefp.h>
configure:5962: result: no
configure:5962: checking for ieeefp.h
configure:5962: result: no
configure:5977: checking for stdbool.h that conforms to C99
configure:6062: c++ -c -O2   conftest.cpp >&5
conftest.cpp:30:2: error: expected unqualified-id
 "error: bool is not defined"
 ^
conftest.cpp:48:36: error: C++ requires a type specifier for all declarations
        struct s { _Bool s: 1; _Bool t; } s;
                                          ^
2 errors generated.
configure:6062: $? = 1
configure: failed program was:
| /* confdefs.h */
| #define PACKAGE_NAME "qd"
| #define PACKAGE_TARNAME "qd"
| #define PACKAGE_VERSION "2.3.20"
| #define PACKAGE_STRING "qd 2.3.20"
| #define PACKAGE_BUGREPORT "yozo@cs.berkeley.edu"
| #define PACKAGE_URL ""
| #define MAJOR_VERSION 2
| #define MINOR_VERSION 3
| #define PATCH_VERSION 12
| #define PACKAGE "qd"
| #define VERSION "2.3.20"
| #define QD_INLINE 1
| #define QD_SLOPPY_MUL 1
| #define QD_SLOPPY_DIV 1
| #define STDC_HEADERS 1
| #define HAVE_SYS_TYPES_H 1
| #define HAVE_SYS_STAT_H 1
| #define HAVE_STDLIB_H 1
| #define HAVE_STRING_H 1
| #define HAVE_MEMORY_H 1
| #define HAVE_STRINGS_H 1
| #define HAVE_INTTYPES_H 1
| #define HAVE_STDINT_H 1
| #define HAVE_UNISTD_H 1
| /* end confdefs.h.  */
| 
| #include <stdbool.h>
| #ifndef bool
|  "error: bool is not defined"
| #endif
| #ifndef false
|  "error: false is not defined"
| #endif
| #if false
|  "error: false is not 0"
| #endif
| #ifndef true
|  "error: true is not defined"
| #endif
| #if true != 1
|  "error: true is not 1"
| #endif
| #ifndef __bool_true_false_are_defined
|  "error: __bool_true_false_are_defined is not defined"
| #endif
| 
| 	struct s { _Bool s: 1; _Bool t; } s;
| 
| 	char a[true == 1 ? 1 : -1];
| 	char b[false == 0 ? 1 : -1];
| 	char c[__bool_true_false_are_defined == 1 ? 1 : -1];
| 	char d[(bool) 0.5 == true ? 1 : -1];
| 	bool e = &s;
| 	char f[(_Bool) 0.0 == false ? 1 : -1];
| 	char g[true];
| 	char h[sizeof (_Bool)];
| 	char i[sizeof s.t];
| 	enum { j = false, k = true, l = false * true, m = true * 256 };
| 	/* The following fails for
| 	   HP aC++/ANSI C B3910B A.05.55 [Dec 04 2003]. */
| 	_Bool n[m];
| 	char o[sizeof n == m * sizeof n[0] ? 1 : -1];
| 	char p[-1 - (_Bool) 0 < 0 && -1 - (bool) 0 < 0 ? 1 : -1];
| #	if defined __xlc__ || defined __GNUC__
| 	 /* Catch a bug in IBM AIX xlc compiler version 6.0.0.0
| 	    reported by James Lemley on 2005-10-05; see
| 	    http://lists.gnu.org/archive/html/bug-coreutils/2005-10/msg00086.html
| 	    This test is not quite right, since xlc is allowed to
| 	    reject this program, as the initializer for xlcbug is
| 	    not one of the forms that C requires support for.
| 	    However, doing the test right would require a runtime
| 	    test, and that would make cross-compilation harder.
| 	    Let us hope that IBM fixes the xlc bug, and also adds
| 	    support for this kind of constant expression.  In the
| 	    meantime, this test will reject xlc, which is OK, since
| 	    our stdbool.h substitute should suffice.  We also test
| 	    this with GCC, where it should work, to detect more
| 	    quickly whether someone messes up the test in the
| 	    future.  */
| 	 char digs[] = "0123456789";
| 	 int xlcbug = 1 / (&(digs + 5)[-2 + (bool) 1] == &digs[4] ? 1 : -1);
| #	endif
| 	/* Catch a bug in an HP-UX C compiler.  See
| 	   http://gcc.gnu.org/ml/gcc-patches/2003-12/msg02303.html
| 	   http://lists.gnu.org/archive/html/bug-coreutils/2005-11/msg00161.html
| 	 */
| 	_Bool q = true;
| 	_Bool *pq = &q;
| 
| int
| main ()
| {
| 
| 	*pq |= q;
| 	*pq |= ! q;
| 	/* Refer to every declared value, to avoid compiler optimizations.  */
| 	return (!a + !b + !c + !d + !e + !f + !g + !h + !i + !!j + !k + !!l
| 		+ !m + !n + !o + !p + !q + !pq);
| 
|   ;
|   return 0;
| }
configure:6069: result: no
configure:6071: checking for _Bool
configure:6071: c++ -c -O2   conftest.cpp >&5
conftest.cpp:63:13: error: use of undeclared identifier '_Bool'
if (sizeof (_Bool))
            ^
1 error generated.
configure:6071: $? = 1
configure: failed program was:
| /* confdefs.h */
| #define PACKAGE_NAME "qd"
| #define PACKAGE_TARNAME "qd"
| #define PACKAGE_VERSION "2.3.20"
| #define PACKAGE_STRING "qd 2.3.20"
| #define PACKAGE_BUGREPORT "yozo@cs.berkeley.edu"
| #define PACKAGE_URL ""
| #define MAJOR_VERSION 2
| #define MINOR_VERSION 3
| #define PATCH_VERSION 12
| #define PACKAGE "qd"
| #define VERSION "2.3.20"
| #define QD_INLINE 1
| #define QD_SLOPPY_MUL 1
| #define QD_SLOPPY_DIV 1
| #define STDC_HEADERS 1
| #define HAVE_SYS_TYPES_H 1
| #define HAVE_SYS_STAT_H 1
| #define HAVE_STDLIB_H 1
| #define HAVE_STRING_H 1
| #define HAVE_MEMORY_H 1
| #define HAVE_STRINGS_H 1
| #define HAVE_INTTYPES_H 1
| #define HAVE_STDINT_H 1
| #define HAVE_UNISTD_H 1
| /* end confdefs.h.  */
| #include <stdio.h>
| #ifdef HAVE_SYS_TYPES_H
| # include <sys/types.h>
| #endif
| #ifdef HAVE_SYS_STAT_H
| # include <sys/stat.h>
| #endif
| #ifdef STDC_HEADERS
| # include <stdlib.h>
| # include <stddef.h>
| #else
| # ifdef HAVE_STDLIB_H
| #  include <stdlib.h>
| # endif
| #endif
| #ifdef HAVE_STRING_H
| # if !defined STDC_HEADERS && defined HAVE_MEMORY_H
| #  include <memory.h>
| # endif
| # include <string.h>
| #endif
| #ifdef HAVE_STRINGS_H
| # include <strings.h>
| #endif
| #ifdef HAVE_INTTYPES_H
| # include <inttypes.h>
| #endif
| #ifdef HAVE_STDINT_H
| # include <stdint.h>
| #endif
| #ifdef HAVE_UNISTD_H
| # include <unistd.h>
| #endif
| int
| main ()
| {
| if (sizeof (_Bool))
| 	 return 0;
|   ;
|   return 0;
| }
configure:6071: result: no
configure:6087: checking whether time.h and sys/time.h may both be included
configure:6107: c++ -c -O2   conftest.cpp >&5
configure:6107: $? = 0
configure:6114: result: yes
configure:6122: checking whether struct tm is in sys/time.h or time.h
configure:6142: c++ -c -O2   conftest.cpp >&5
configure:6142: $? = 0
configure:6149: result: time.h
configure:6159: checking whether x86 FPU control code is needed
configure:6170: result: yes
configure:6175: checking fpu_control.h usability
configure:6175: c++ -c -O2   conftest.cpp >&5
conftest.cpp:62:10: fatal error: 'fpu_control.h' file not found
#include <fpu_control.h>
         ^~~~~~~~~~~~~~~
1 error generated.
configure:6175: $? = 1
configure: failed program was:
| /* confdefs.h */
| #define PACKAGE_NAME "qd"
| #define PACKAGE_TARNAME "qd"
| #define PACKAGE_VERSION "2.3.20"
| #define PACKAGE_STRING "qd 2.3.20"
| #define PACKAGE_BUGREPORT "yozo@cs.berkeley.edu"
| #define PACKAGE_URL ""
| #define MAJOR_VERSION 2
| #define MINOR_VERSION 3
| #define PATCH_VERSION 12
| #define PACKAGE "qd"
| #define VERSION "2.3.20"
| #define QD_INLINE 1
| #define QD_SLOPPY_MUL 1
| #define QD_SLOPPY_DIV 1
| #define STDC_HEADERS 1
| #define HAVE_SYS_TYPES_H 1
| #define HAVE_SYS_STAT_H 1
| #define HAVE_STDLIB_H 1
| #define HAVE_STRING_H 1
| #define HAVE_MEMORY_H 1
| #define HAVE_STRINGS_H 1
| #define HAVE_INTTYPES_H 1
| #define HAVE_STDINT_H 1
| #define HAVE_UNISTD_H 1
| #define TIME_WITH_SYS_TIME 1
| #define X86 1
| /* end confdefs.h.  */
| #include <stdio.h>
| #ifdef HAVE_SYS_TYPES_H
| # include <sys/types.h>
| #endif
| #ifdef HAVE_SYS_STAT_H
| # include <sys/stat.h>
| #endif
| #ifdef STDC_HEADERS
| # include <stdlib.h>
| # include <stddef.h>
| #else
| # ifdef HAVE_STDLIB_H
| #  include <stdlib.h>
| # endif
| #endif
| #ifdef HAVE_STRING_H
| # if !defined STDC_HEADERS && defined HAVE_MEMORY_H
| #  include <memory.h>
| # endif
| # include <string.h>
| #endif
| #ifdef HAVE_STRINGS_H
| # include <strings.h>
| #endif
| #ifdef HAVE_INTTYPES_H
| # include <inttypes.h>
| #endif
| #ifdef HAVE_STDINT_H
| # include <stdint.h>
| #endif
| #ifdef HAVE_UNISTD_H
| # include <unistd.h>
| #endif
| #include <fpu_control.h>
configure:6175: result: no
configure:6175: checking fpu_control.h presence
configure:6175: c++ -E  conftest.cpp
conftest.cpp:29:10: fatal error: 'fpu_control.h' file not found
#include <fpu_control.h>
         ^~~~~~~~~~~~~~~
1 error generated.
configure:6175: $? = 1
configure: failed program was:
| /* confdefs.h */
| #define PACKAGE_NAME "qd"
| #define PACKAGE_TARNAME "qd"
| #define PACKAGE_VERSION "2.3.20"
| #define PACKAGE_STRING "qd 2.3.20"
| #define PACKAGE_BUGREPORT "yozo@cs.berkeley.edu"
| #define PACKAGE_URL ""
| #define MAJOR_VERSION 2
| #define MINOR_VERSION 3
| #define PATCH_VERSION 12
| #define PACKAGE "qd"
| #define VERSION "2.3.20"
| #define QD_INLINE 1
| #define QD_SLOPPY_MUL 1
| #define QD_SLOPPY_DIV 1
| #define STDC_HEADERS 1
| #define HAVE_SYS_TYPES_H 1
| #define HAVE_SYS_STAT_H 1
| #define HAVE_STDLIB_H 1
| #define HAVE_STRING_H 1
| #define HAVE_MEMORY_H 1
| #define HAVE_STRINGS_H 1
| #define HAVE_INTTYPES_H 1
| #define HAVE_STDINT_H 1
| #define HAVE_UNISTD_H 1
| #define TIME_WITH_SYS_TIME 1
| #define X86 1
| /* end confdefs.h.  */
| #include <fpu_control.h>
configure:6175: result: no
configure:6175: checking for fpu_control.h
configure:6175: result: no
configure:6190: checking for gettimeofday
configure:6190: c++ -o conftest -O2    conftest.cpp  >&5
configure:6190: $? = 0
configure:6190: result: yes
configure:6200: checking for clock_gettime useability
configure:6218: c++ -c -O2   conftest.cpp >&5
configure:6218: $? = 0
configure:6230: result: yes
configure:6234: checking for library containing clock_gettime
configure:6265: c++ -o conftest -O2    conftest.cpp  >&5
configure:6265: $? = 0
configure:6282: result: none required
configure:6294: checking for isnan
configure:6311: c++ -c -O2   conftest.cpp >&5
configure:6311: $? = 0
configure:6312: result: std::isnan
configure:6350: checking for isinf
configure:6367: c++ -c -O2   conftest.cpp >&5
configure:6367: $? = 0
configure:6368: result: std::isinf
configure:6406: checking for isfinite
configure:6423: c++ -c -O2   conftest.cpp >&5
configure:6423: $? = 0
configure:6424: result: std::isfinite
configure:6462: checking for copysign
configure:6479: c++ -c -O2   conftest.cpp >&5
conftest.cpp:36:22: warning: ignoring return value of function declared with const attribute [-Wunused-value]
                     std::copysign(1.0, 1.0);
                     ^~~~~~~~~~~~~ ~~~~~~~~
1 warning generated.
configure:6479: $? = 0
configure:6480: result: std::copysign
configure:6652: checking for Fortran compiler version
configure:6661: gfortran --version >&5
GNU Fortran (Homebrew GCC 10.2.0_4) 10.2.0
Copyright (C) 2020 Free Software Foundation, Inc.
This is free software; see the source for copying conditions.  There is NO
warranty; not even for MERCHANTABILITY or FITNESS FOR A PARTICULAR PURPOSE.

configure:6672: $? = 0
configure:6661: gfortran -v >&5
Using built-in specs.
COLLECT_GCC=gfortran
COLLECT_LTO_WRAPPER=/usr/local/Cellar/gcc/10.2.0_4/libexec/gcc/x86_64-apple-darwin20/10.2.0/lto-wrapper
Target: x86_64-apple-darwin20
Configured with: ../configure --build=x86_64-apple-darwin20 --prefix=/usr/local/Cellar/gcc/10.2.0_4 --libdir=/usr/local/Cellar/gcc/10.2.0_4/lib/gcc/10 --disable-nls --enable-checking=release --enable-languages=c,c++,objc,obj-c++,fortran --program-suffix=-10 --with-gmp=/usr/local/opt/gmp --with-mpfr=/usr/local/opt/mpfr --with-mpc=/usr/local/opt/libmpc --with-isl=/usr/local/opt/isl --with-system-zlib --with-pkgversion='Homebrew GCC 10.2.0_4' --with-bugurl=https://github.com/Homebrew/homebrew-core/issues --disable-multilib --with-native-system-header-dir=/usr/include --with-sysroot=/Library/Developer/CommandLineTools/SDKs/MacOSX.sdk SED=/usr/bin/sed
Thread model: posix
Supported LTO compression algorithms: zlib
gcc version 10.2.0 (Homebrew GCC 10.2.0_4) 
configure:6672: $? = 0
configure:6661: gfortran -V >&5
gfortran: error: unrecognized command-line option '-V'
gfortran: fatal error: no input files
compilation terminated.
configure:6672: $? = 1
configure:6661: gfortran -qversion >&5
gfortran: error: unrecognized command-line option '-qversion'; did you mean '--version'?
gfortran: fatal error: no input files
compilation terminated.
configure:6672: $? = 1
configure:6681: checking whether we are using the GNU Fortran compiler
configure:6694: gfortran -c -O2  conftest.F >&5
configure:6694: $? = 0
configure:6703: result: yes
configure:6709: checking whether gfortran accepts -g
configure:6720: gfortran -c -g  conftest.f >&5
configure:6720: $? = 0
configure:6728: result: yes
configure:6764: checking how to get verbose linking output from gfortran
configure:6774: gfortran -c -O2  conftest.f >&5
configure:6774: $? = 0
configure:6792: gfortran -o conftest -O2 -v conftest.f
Using built-in specs.
Target: x86_64-apple-darwin20
Configured with: ../configure --build=x86_64-apple-darwin20 --prefix=/usr/local/Cellar/gcc/10.2.0_4 --libdir=/usr/local/Cellar/gcc/10.2.0_4/lib/gcc/10 --disable-nls --enable-checking=release --enable-languages=c,c++,objc,obj-c++,fortran --program-suffix=-10 --with-gmp=/usr/local/opt/gmp --with-mpfr=/usr/local/opt/mpfr --with-mpc=/usr/local/opt/libmpc --with-isl=/usr/local/opt/isl --with-system-zlib --with-pkgversion='Homebrew GCC 10.2.0_4' --with-bugurl=https://github.com/Homebrew/homebrew-core/issues --disable-multilib --with-native-system-header-dir=/usr/include --with-sysroot=/Library/Developer/CommandLineTools/SDKs/MacOSX.sdk SED=/usr/bin/sed
Thread model: posix
Supported LTO compression algorithms: zlib
gcc version 10.2.0 (Homebrew GCC 10.2.0_4) 
 /usr/local/Cellar/gcc/10.2.0_4/libexec/gcc/x86_64-apple-darwin20/10.2.0/f951 conftest.f -ffixed-form -fPIC -quiet -dumpbase conftest.f -mmacosx-version-min=11.2.0 -mtune=core2 -auxbase conftest -O2 -version -fintrinsic-modules-path /usr/local/Cellar/gcc/10.2.0_4/lib/gcc/10/gcc/x86_64-apple-darwin20/10.2.0/finclude -o /var/folders/ks/dndxyb_j20q9glw1vhrz5tbw0000gn/T//ccsLegWV.s
GNU Fortran (Homebrew GCC 10.2.0_4) version 10.2.0 (x86_64-apple-darwin20)
	compiled by GNU C version 10.2.0, GMP version 6.2.1, MPFR version 4.1.0, MPC version 1.2.1, isl version isl-0.23-GMP

GGC heuristics: --param ggc-min-expand=100 --param ggc-min-heapsize=131072
GNU Fortran2008 (Homebrew GCC 10.2.0_4) version 10.2.0 (x86_64-apple-darwin20)
	compiled by GNU C version 10.2.0, GMP version 6.2.1, MPFR version 4.1.0, MPC version 1.2.1, isl version isl-0.23-GMP

GGC heuristics: --param ggc-min-expand=100 --param ggc-min-heapsize=131072
 as -arch x86_64 -v -force_cpusubtype_ALL -mmacosx-version-min=11.2 -o /var/folders/ks/dndxyb_j20q9glw1vhrz5tbw0000gn/T//ccqGAkhc.o /var/folders/ks/dndxyb_j20q9glw1vhrz5tbw0000gn/T//ccsLegWV.s
Apple clang version 12.0.0 (clang-1200.0.32.29)
Target: x86_64-apple-darwin20.3.0
Thread model: posix
InstalledDir: /Applications/Xcode.app/Contents/Developer/Toolchains/XcodeDefault.xctoolchain/usr/bin
 "/Applications/Xcode.app/Contents/Developer/Toolchains/XcodeDefault.xctoolchain/usr/bin/clang" -cc1as -triple x86_64-apple-macosx11.2.0 -filetype obj -main-file-name ccsLegWV.s -target-cpu penryn -fdebug-compilation-dir /Users/maksim/work/qd -dwarf-debug-producer "Apple clang version 12.0.0 (clang-1200.0.32.29)" -dwarf-version=4 -mrelocation-model pic -o /var/folders/ks/dndxyb_j20q9glw1vhrz5tbw0000gn/T//ccqGAkhc.o /var/folders/ks/dndxyb_j20q9glw1vhrz5tbw0000gn/T//ccsLegWV.s
Reading specs from /usr/local/Cellar/gcc/10.2.0_4/lib/gcc/10/gcc/x86_64-apple-darwin20/10.2.0/../../../libgfortran.spec
rename spec lib to liborig
 /usr/local/Cellar/gcc/10.2.0_4/libexec/gcc/x86_64-apple-darwin20/10.2.0/collect2 -syslibroot /Library/Developer/CommandLineTools/SDKs/MacOSX.sdk/ -dynamic -arch x86_64 -macosx_version_min 11.2.0 -weak_reference_mismatches non-weak -o conftest -L/usr/local/Cellar/gcc/10.2.0_4/lib/gcc/10/gcc/x86_64-apple-darwin20/10.2.0 -L/usr/local/Cellar/gcc/10.2.0_4/lib/gcc/10/gcc/x86_64-apple-darwin20/10.2.0/../../.. /var/folders/ks/dndxyb_j20q9glw1vhrz5tbw0000gn/T//ccqGAkhc.o -lgfortran -lSystem -lgcc_ext.10.5 -lgcc -lquadmath -lm -lgcc_ext.10.5 -lgcc -lSystem -no_compact_unwind -v
collect2 version 10.2.0
/usr/bin/ld -syslibroot /Library/Developer/CommandLineTools/SDKs/MacOSX.sdk/ -dynamic -arch x86_64 -macosx_version_min 11.2.0 -weak_reference_mismatches non-weak -o conftest -L/usr/local/Cellar/gcc/10.2.0_4/lib/gcc/10/gcc/x86_64-apple-darwin20/10.2.0 -L/usr/local/Cellar/gcc/10.2.0_4/lib/gcc/10/gcc/x86_64-apple-darwin20/10.2.0/../../.. /var/folders/ks/dndxyb_j20q9glw1vhrz5tbw0000gn/T//ccqGAkhc.o -lgfortran -lSystem -lgcc_ext.10.5 -lgcc -lquadmath -lm -lgcc_ext.10.5 -lgcc -lSystem -no_compact_unwind -v
@(#)PROGRAM:ld  PROJECT:ld64-609.8
BUILD 15:07:46 Dec 18 2020
configured to support archs: armv6 armv7 armv7s arm64 arm64e arm64_32 i386 x86_64 x86_64h armv6m armv7k armv7m armv7em
Library search paths:
	/usr/local/Cellar/gcc/10.2.0_4/lib/gcc/10/gcc/x86_64-apple-darwin20/10.2.0
	/usr/local/Cellar/gcc/10.2.0_4/lib/gcc/10
	/Library/Developer/CommandLineTools/SDKs/MacOSX.sdk/usr/lib
Framework search paths:
	/Library/Developer/CommandLineTools/SDKs/MacOSX.sdk/System/Library/Frameworks/
configure:6857: result: -v
configure:6859: checking for Fortran libraries of gfortran
configure:6882: gfortran -o conftest -O2 -v conftest.f
Using built-in specs.
Target: x86_64-apple-darwin20
Configured with: ../configure --build=x86_64-apple-darwin20 --prefix=/usr/local/Cellar/gcc/10.2.0_4 --libdir=/usr/local/Cellar/gcc/10.2.0_4/lib/gcc/10 --disable-nls --enable-checking=release --enable-languages=c,c++,objc,obj-c++,fortran --program-suffix=-10 --with-gmp=/usr/local/opt/gmp --with-mpfr=/usr/local/opt/mpfr --with-mpc=/usr/local/opt/libmpc --with-isl=/usr/local/opt/isl --with-system-zlib --with-pkgversion='Homebrew GCC 10.2.0_4' --with-bugurl=https://github.com/Homebrew/homebrew-core/issues --disable-multilib --with-native-system-header-dir=/usr/include --with-sysroot=/Library/Developer/CommandLineTools/SDKs/MacOSX.sdk SED=/usr/bin/sed
Thread model: posix
Supported LTO compression algorithms: zlib
gcc version 10.2.0 (Homebrew GCC 10.2.0_4) 
 /usr/local/Cellar/gcc/10.2.0_4/libexec/gcc/x86_64-apple-darwin20/10.2.0/f951 conftest.f -ffixed-form -fPIC -quiet -dumpbase conftest.f -mmacosx-version-min=11.2.0 -mtune=core2 -auxbase conftest -O2 -version -fintrinsic-modules-path /usr/local/Cellar/gcc/10.2.0_4/lib/gcc/10/gcc/x86_64-apple-darwin20/10.2.0/finclude -o /var/folders/ks/dndxyb_j20q9glw1vhrz5tbw0000gn/T//ccfvdOJG.s
GNU Fortran (Homebrew GCC 10.2.0_4) version 10.2.0 (x86_64-apple-darwin20)
	compiled by GNU C version 10.2.0, GMP version 6.2.1, MPFR version 4.1.0, MPC version 1.2.1, isl version isl-0.23-GMP

GGC heuristics: --param ggc-min-expand=100 --param ggc-min-heapsize=131072
GNU Fortran2008 (Homebrew GCC 10.2.0_4) version 10.2.0 (x86_64-apple-darwin20)
	compiled by GNU C version 10.2.0, GMP version 6.2.1, MPFR version 4.1.0, MPC version 1.2.1, isl version isl-0.23-GMP

GGC heuristics: --param ggc-min-expand=100 --param ggc-min-heapsize=131072
 as -arch x86_64 -v -force_cpusubtype_ALL -mmacosx-version-min=11.2 -o /var/folders/ks/dndxyb_j20q9glw1vhrz5tbw0000gn/T//ccevT8h6.o /var/folders/ks/dndxyb_j20q9glw1vhrz5tbw0000gn/T//ccfvdOJG.s
Apple clang version 12.0.0 (clang-1200.0.32.29)
Target: x86_64-apple-darwin20.3.0
Thread model: posix
InstalledDir: /Applications/Xcode.app/Contents/Developer/Toolchains/XcodeDefault.xctoolchain/usr/bin
 "/Applications/Xcode.app/Contents/Developer/Toolchains/XcodeDefault.xctoolchain/usr/bin/clang" -cc1as -triple x86_64-apple-macosx11.2.0 -filetype obj -main-file-name ccfvdOJG.s -target-cpu penryn -fdebug-compilation-dir /Users/maksim/work/qd -dwarf-debug-producer "Apple clang version 12.0.0 (clang-1200.0.32.29)" -dwarf-version=4 -mrelocation-model pic -o /var/folders/ks/dndxyb_j20q9glw1vhrz5tbw0000gn/T//ccevT8h6.o /var/folders/ks/dndxyb_j20q9glw1vhrz5tbw0000gn/T//ccfvdOJG.s
Reading specs from /usr/local/Cellar/gcc/10.2.0_4/lib/gcc/10/gcc/x86_64-apple-darwin20/10.2.0/../../../libgfortran.spec
rename spec lib to liborig
 /usr/local/Cellar/gcc/10.2.0_4/libexec/gcc/x86_64-apple-darwin20/10.2.0/collect2 -syslibroot /Library/Developer/CommandLineTools/SDKs/MacOSX.sdk/ -dynamic -arch x86_64 -macosx_version_min 11.2.0 -weak_reference_mismatches non-weak -o conftest -L/usr/local/Cellar/gcc/10.2.0_4/lib/gcc/10/gcc/x86_64-apple-darwin20/10.2.0 -L/usr/local/Cellar/gcc/10.2.0_4/lib/gcc/10/gcc/x86_64-apple-darwin20/10.2.0/../../.. /var/folders/ks/dndxyb_j20q9glw1vhrz5tbw0000gn/T//ccevT8h6.o -lgfortran -lSystem -lgcc_ext.10.5 -lgcc -lquadmath -lm -lgcc_ext.10.5 -lgcc -lSystem -no_compact_unwind -v
collect2 version 10.2.0
/usr/bin/ld -syslibroot /Library/Developer/CommandLineTools/SDKs/MacOSX.sdk/ -dynamic -arch x86_64 -macosx_version_min 11.2.0 -weak_reference_mismatches non-weak -o conftest -L/usr/local/Cellar/gcc/10.2.0_4/lib/gcc/10/gcc/x86_64-apple-darwin20/10.2.0 -L/usr/local/Cellar/gcc/10.2.0_4/lib/gcc/10/gcc/x86_64-apple-darwin20/10.2.0/../../.. /var/folders/ks/dndxyb_j20q9glw1vhrz5tbw0000gn/T//ccevT8h6.o -lgfortran -lSystem -lgcc_ext.10.5 -lgcc -lquadmath -lm -lgcc_ext.10.5 -lgcc -lSystem -no_compact_unwind -v
@(#)PROGRAM:ld  PROJECT:ld64-609.8
BUILD 15:07:46 Dec 18 2020
configured to support archs: armv6 armv7 armv7s arm64 arm64e arm64_32 i386 x86_64 x86_64h armv6m armv7k armv7m armv7em
Library search paths:
	/usr/local/Cellar/gcc/10.2.0_4/lib/gcc/10/gcc/x86_64-apple-darwin20/10.2.0
	/usr/local/Cellar/gcc/10.2.0_4/lib/gcc/10
	/Library/Developer/CommandLineTools/SDKs/MacOSX.sdk/usr/lib
Framework search paths:
	/Library/Developer/CommandLineTools/SDKs/MacOSX.sdk/System/Library/Frameworks/
configure:7056: result:  -L/usr/local/Cellar/gcc/10.2.0_4/lib/gcc/10/gcc/x86_64-apple-darwin20/10.2.0 -L/usr/local/Cellar/gcc/10.2.0_4/lib/gcc/10/gcc/x86_64-apple-darwin20/10.2.0/../../.. -lgfortran -lquadmath -lm
configure:7070: checking for Fortran flag needed to allow free-form source
configure:7089: gfortran -c -O2  conftest.f >&5
conftest.f:2:4:

    2 |   program freeform
      |    1
Error: Non-numeric character in statement label at (1)
conftest.f:4:27:

    4 |        print *, 'Hello ', &
      |                           1
Error: Expected expression in PRINT statement at (1)
conftest.f:5:12:

    5 |           'world.'
      |            1
Error: Invalid character in name at (1)
configure:7089: $? = 1
configure: failed program was:
| 
|   program freeform
|        ! FIXME: how to best confuse non-freeform compilers?
|        print *, 'Hello ', &
|           'world.'
|        end
configure:7089: gfortran -c -O2 -ffree-form  conftest.f >&5
configure:7089: $? = 0
configure:7098: result: -ffree-form
configure:7135: checking for etime
configure:7152: gfortran -o conftest -O2 -ffree-form   conftest.f  >&5
configure:7152: $? = 0
configure:7167: result: etime
configure:7179: checking whether extra library is needed to link Fortran and C++
configure:7208: c++ -o conftest -O2    conftest.cpp   -L/usr/local/Cellar/gcc/10.2.0_4/lib/gcc/10/gcc/x86_64-apple-darwin20/10.2.0 -L/usr/local/Cellar/gcc/10.2.0_4/lib/gcc/10/gcc/x86_64-apple-darwin20/10.2.0/../../.. -lgfortran -lquadmath -lm  >&5
ld: warning: dylib (/usr/local/Cellar/gcc/10.2.0_4/lib/gcc/10/libgfortran.dylib) was built for newer macOS version (11.2) than being linked (11.0)ld: warning: dylib (/usr/local/Cellar/gcc/10.2.0_4/lib/gcc/10/libquadmath.dylib) was built for newer macOS version (11.2) than being linked (11.0)

configure:7208: $? = 0
configure:7224: result: none
configure:7243: checking for dummy main to link with Fortran libraries
configure:7277: gcc -o conftest -g -O2   conftest.c   -L/usr/local/Cellar/gcc/10.2.0_4/lib/gcc/10/gcc/x86_64-apple-darwin20/10.2.0 -L/usr/local/Cellar/gcc/10.2.0_4/lib/gcc/10/gcc/x86_64-apple-darwin20/10.2.0/../../.. -lgfortran -lquadmath -lm  >&5
ld: warning: dylib (/usr/local/Cellar/gcc/10.2.0_4/lib/gcc/10/libgfortran.dylib) was built for newer macOS version (11.2) than being linked (11.0)
ld: warning: dylib (/usr/local/Cellar/gcc/10.2.0_4/lib/gcc/10/libquadmath.dylib) was built for newer macOS version (11.2) than being linked (11.0)
configure:7277: $? = 0
configure:7322: result: none
configure:7354: checking for Fortran name-mangling scheme
configure:7367: gfortran -c -O2 -ffree-form  conftest.f >&5
configure:7367: $? = 0
configure:7408: gcc -o conftest -g -O2   conftest.c cfortran_test.o   -L/usr/local/Cellar/gcc/10.2.0_4/lib/gcc/10/gcc/x86_64-apple-darwin20/10.2.0 -L/usr/local/Cellar/gcc/10.2.0_4/lib/gcc/10/gcc/x86_64-apple-darwin20/10.2.0/../../.. -lgfortran -lquadmath -lm  >&5
ld: warning: object file (cfortran_test.o) was built for newer macOS version (11.2) than being linked (11.0)
ld: warning: dylib (/usr/local/Cellar/gcc/10.2.0_4/lib/gcc/10/libgfortran.dylib) was built for newer macOS version (11.2) than being linked (11.0)
ld: warning: dylib (/usr/local/Cellar/gcc/10.2.0_4/lib/gcc/10/libquadmath.dylib) was built for newer macOS version (11.2) than being linked (11.0)
Undefined symbols for architecture x86_64:
  "_foobar", referenced from:
      _main in conftest-6cf534.o
     (maybe you meant: _foobar_)
ld: symbol(s) not found for architecture x86_64
clang: error: linker command failed with exit code 1 (use -v to see invocation)
configure:7408: $? = 1
configure: failed program was:
| /* confdefs.h */
| #define PACKAGE_NAME "qd"
| #define PACKAGE_TARNAME "qd"
| #define PACKAGE_VERSION "2.3.20"
| #define PACKAGE_STRING "qd 2.3.20"
| #define PACKAGE_BUGREPORT "yozo@cs.berkeley.edu"
| #define PACKAGE_URL ""
| #define MAJOR_VERSION 2
| #define MINOR_VERSION 3
| #define PATCH_VERSION 12
| #define PACKAGE "qd"
| #define VERSION "2.3.20"
| #define QD_INLINE 1
| #define QD_SLOPPY_MUL 1
| #define QD_SLOPPY_DIV 1
| #define STDC_HEADERS 1
| #define HAVE_SYS_TYPES_H 1
| #define HAVE_SYS_STAT_H 1
| #define HAVE_STDLIB_H 1
| #define HAVE_STRING_H 1
| #define HAVE_MEMORY_H 1
| #define HAVE_STRINGS_H 1
| #define HAVE_INTTYPES_H 1
| #define HAVE_STDINT_H 1
| #define HAVE_UNISTD_H 1
| #define TIME_WITH_SYS_TIME 1
| #define X86 1
| #define HAVE_GETTIMEOFDAY 1
| #define HAVE_CLOCK_GETTIME 1
| #define QD_ISNAN(x) std::isnan(x)
| #define QD_ISINF(x) std::isinf(x)
| #define QD_ISFINITE(x) std::isfinite(x)
| #define QD_COPYSIGN(x, y) std::copysign(x, y)
| #define QD_API /**/
| #define QD_HAVE_STD 1
| #define HAVE_FORTRAN 1
| /* end confdefs.h.  */
| 
| /* Override any GCC internal prototype to avoid an error.
|    Use char because int might match the return type of a GCC
|    builtin and then its argument prototype would still apply.  */
| #ifdef __cplusplus
| extern "C"
| #endif
| char foobar ();
| #ifdef FC_DUMMY_MAIN
| #ifndef FC_DUMMY_MAIN_EQ_F77
| #  ifdef __cplusplus
|      extern "C"
| #  endif
|    int FC_DUMMY_MAIN() { return 1; }
| #endif
| #endif
| int
| main ()
| {
| return foobar ();
|   ;
|   return 0;
| }
configure:7408: gcc -o conftest -g -O2   conftest.c cfortran_test.o   -L/usr/local/Cellar/gcc/10.2.0_4/lib/gcc/10/gcc/x86_64-apple-darwin20/10.2.0 -L/usr/local/Cellar/gcc/10.2.0_4/lib/gcc/10/gcc/x86_64-apple-darwin20/10.2.0/../../.. -lgfortran -lquadmath -lm  >&5
ld: warning: object file (cfortran_test.o) was built for newer macOS version (11.2) than being linked (11.0)
ld: warning: dylib (/usr/local/Cellar/gcc/10.2.0_4/lib/gcc/10/libgfortran.dylib) was built for newer macOS version (11.2) than being linked (11.0)
ld: warning: dylib (/usr/local/Cellar/gcc/10.2.0_4/lib/gcc/10/libquadmath.dylib) was built for newer macOS version (11.2) than being linked (11.0)
configure:7408: $? = 0
configure:7466: gcc -o conftest -g -O2   conftest.c cfortran_test.o   -L/usr/local/Cellar/gcc/10.2.0_4/lib/gcc/10/gcc/x86_64-apple-darwin20/10.2.0 -L/usr/local/Cellar/gcc/10.2.0_4/lib/gcc/10/gcc/x86_64-apple-darwin20/10.2.0/../../.. -lgfortran -lquadmath -lm  >&5
ld: warning: object file (cfortran_test.o) was built for newer macOS version (11.2) than being linked (11.0)
ld: warning: dylib (/usr/local/Cellar/gcc/10.2.0_4/lib/gcc/10/libgfortran.dylib) was built for newer macOS version (11.2) than being linked (11.0)
ld: warning: dylib (/usr/local/Cellar/gcc/10.2.0_4/lib/gcc/10/libquadmath.dylib) was built for newer macOS version (11.2) than being linked (11.0)
configure:7466: $? = 0
configure:7508: result: lower case, underscore, no extra underscore
configure:7576: checking for alternate main to link with Fortran libraries
configure:7616: gcc -o conftest -g -O2   conftest.c   -L/usr/local/Cellar/gcc/10.2.0_4/lib/gcc/10/gcc/x86_64-apple-darwin20/10.2.0 -L/usr/local/Cellar/gcc/10.2.0_4/lib/gcc/10/gcc/x86_64-apple-darwin20/10.2.0/../../.. -lgfortran -lquadmath -lm  >&5
ld: warning: dylib (/usr/local/Cellar/gcc/10.2.0_4/lib/gcc/10/libgfortran.dylib) was built for newer macOS version (11.2) than being linked (11.0)
ld: warning: dylib (/usr/local/Cellar/gcc/10.2.0_4/lib/gcc/10/libquadmath.dylib) was built for newer macOS version (11.2) than being linked (11.0)
Undefined symbols for architecture x86_64:
  "_main", referenced from:
     implicit entry/start for main executable
ld: symbol(s) not found for architecture x86_64
clang: error: linker command failed with exit code 1 (use -v to see invocation)
configure:7616: $? = 1
configure: failed program was:
| /* confdefs.h */
| #define PACKAGE_NAME "qd"
| #define PACKAGE_TARNAME "qd"
| #define PACKAGE_VERSION "2.3.20"
| #define PACKAGE_STRING "qd 2.3.20"
| #define PACKAGE_BUGREPORT "yozo@cs.berkeley.edu"
| #define PACKAGE_URL ""
| #define MAJOR_VERSION 2
| #define MINOR_VERSION 3
| #define PATCH_VERSION 12
| #define PACKAGE "qd"
| #define VERSION "2.3.20"
| #define QD_INLINE 1
| #define QD_SLOPPY_MUL 1
| #define QD_SLOPPY_DIV 1
| #define STDC_HEADERS 1
| #define HAVE_SYS_TYPES_H 1
| #define HAVE_SYS_STAT_H 1
| #define HAVE_STDLIB_H 1
| #define HAVE_STRING_H 1
| #define HAVE_MEMORY_H 1
| #define HAVE_STRINGS_H 1
| #define HAVE_INTTYPES_H 1
| #define HAVE_STDINT_H 1
| #define HAVE_UNISTD_H 1
| #define TIME_WITH_SYS_TIME 1
| #define X86 1
| #define HAVE_GETTIMEOFDAY 1
| #define HAVE_CLOCK_GETTIME 1
| #define QD_ISNAN(x) std::isnan(x)
| #define QD_ISINF(x) std::isinf(x)
| #define QD_ISFINITE(x) std::isfinite(x)
| #define QD_COPYSIGN(x, y) std::copysign(x, y)
| #define QD_API /**/
| #define QD_HAVE_STD 1
| #define HAVE_FORTRAN 1
| #define FC_FUNC(name,NAME) name ## _
| #define FC_FUNC_(name,NAME) name ## _
| /* end confdefs.h.  */
| #ifdef FC_DUMMY_MAIN_EQ_F77
| #  undef F77_DUMMY_MAIN
| #  undef FC_DUMMY_MAIN
| #else
| #  undef FC_DUMMY_MAIN
| #endif
| #define main MAIN__
| #ifdef FC_DUMMY_MAIN
| #ifndef FC_DUMMY_MAIN_EQ_F77
| #  ifdef __cplusplus
|      extern "C"
| #  endif
|    int FC_DUMMY_MAIN() { return 1; }
| #endif
| #endif
| int
| main ()
| {
| 
|   ;
|   return 0;
| }
configure:7616: gcc -o conftest -g -O2   conftest.c   -L/usr/local/Cellar/gcc/10.2.0_4/lib/gcc/10/gcc/x86_64-apple-darwin20/10.2.0 -L/usr/local/Cellar/gcc/10.2.0_4/lib/gcc/10/gcc/x86_64-apple-darwin20/10.2.0/../../.. -lgfortran -lquadmath -lm  >&5
ld: warning: dylib (/usr/local/Cellar/gcc/10.2.0_4/lib/gcc/10/libgfortran.dylib) was built for newer macOS version (11.2) than being linked (11.0)
ld: warning: dylib (/usr/local/Cellar/gcc/10.2.0_4/lib/gcc/10/libquadmath.dylib) was built for newer macOS version (11.2) than being linked (11.0)
Undefined symbols for architecture x86_64:
  "_main", referenced from:
     implicit entry/start for main executable
ld: symbol(s) not found for architecture x86_64
clang: error: linker command failed with exit code 1 (use -v to see invocation)
configure:7616: $? = 1
configure: failed program was:
| /* confdefs.h */
| #define PACKAGE_NAME "qd"
| #define PACKAGE_TARNAME "qd"
| #define PACKAGE_VERSION "2.3.20"
| #define PACKAGE_STRING "qd 2.3.20"
| #define PACKAGE_BUGREPORT "yozo@cs.berkeley.edu"
| #define PACKAGE_URL ""
| #define MAJOR_VERSION 2
| #define MINOR_VERSION 3
| #define PATCH_VERSION 12
| #define PACKAGE "qd"
| #define VERSION "2.3.20"
| #define QD_INLINE 1
| #define QD_SLOPPY_MUL 1
| #define QD_SLOPPY_DIV 1
| #define STDC_HEADERS 1
| #define HAVE_SYS_TYPES_H 1
| #define HAVE_SYS_STAT_H 1
| #define HAVE_STDLIB_H 1
| #define HAVE_STRING_H 1
| #define HAVE_MEMORY_H 1
| #define HAVE_STRINGS_H 1
| #define HAVE_INTTYPES_H 1
| #define HAVE_STDINT_H 1
| #define HAVE_UNISTD_H 1
| #define TIME_WITH_SYS_TIME 1
| #define X86 1
| #define HAVE_GETTIMEOFDAY 1
| #define HAVE_CLOCK_GETTIME 1
| #define QD_ISNAN(x) std::isnan(x)
| #define QD_ISINF(x) std::isinf(x)
| #define QD_ISFINITE(x) std::isfinite(x)
| #define QD_COPYSIGN(x, y) std::copysign(x, y)
| #define QD_API /**/
| #define QD_HAVE_STD 1
| #define HAVE_FORTRAN 1
| #define FC_FUNC(name,NAME) name ## _
| #define FC_FUNC_(name,NAME) name ## _
| /* end confdefs.h.  */
| #ifdef FC_DUMMY_MAIN_EQ_F77
| #  undef F77_DUMMY_MAIN
| #  undef FC_DUMMY_MAIN
| #else
| #  undef FC_DUMMY_MAIN
| #endif
| #define main MAIN_
| #ifdef FC_DUMMY_MAIN
| #ifndef FC_DUMMY_MAIN_EQ_F77
| #  ifdef __cplusplus
|      extern "C"
| #  endif
|    int FC_DUMMY_MAIN() { return 1; }
| #endif
| #endif
| int
| main ()
| {
| 
|   ;
|   return 0;
| }
configure:7616: gcc -o conftest -g -O2   conftest.c   -L/usr/local/Cellar/gcc/10.2.0_4/lib/gcc/10/gcc/x86_64-apple-darwin20/10.2.0 -L/usr/local/Cellar/gcc/10.2.0_4/lib/gcc/10/gcc/x86_64-apple-darwin20/10.2.0/../../.. -lgfortran -lquadmath -lm  >&5
ld: warning: dylib (/usr/local/Cellar/gcc/10.2.0_4/lib/gcc/10/libgfortran.dylib) was built for newer macOS version (11.2) than being linked (11.0)
ld: warning: dylib (/usr/local/Cellar/gcc/10.2.0_4/lib/gcc/10/libquadmath.dylib) was built for newer macOS version (11.2) than being linked (11.0)
Undefined symbols for architecture x86_64:
  "_main", referenced from:
     implicit entry/start for main executable
     (maybe you meant: ___main)
ld: symbol(s) not found for architecture x86_64
clang: error: linker command failed with exit code 1 (use -v to see invocation)
configure:7616: $? = 1
configure: failed program was:
| /* confdefs.h */
| #define PACKAGE_NAME "qd"
| #define PACKAGE_TARNAME "qd"
| #define PACKAGE_VERSION "2.3.20"
| #define PACKAGE_STRING "qd 2.3.20"
| #define PACKAGE_BUGREPORT "yozo@cs.berkeley.edu"
| #define PACKAGE_URL ""
| #define MAJOR_VERSION 2
| #define MINOR_VERSION 3
| #define PATCH_VERSION 12
| #define PACKAGE "qd"
| #define VERSION "2.3.20"
| #define QD_INLINE 1
| #define QD_SLOPPY_MUL 1
| #define QD_SLOPPY_DIV 1
| #define STDC_HEADERS 1
| #define HAVE_SYS_TYPES_H 1
| #define HAVE_SYS_STAT_H 1
| #define HAVE_STDLIB_H 1
| #define HAVE_STRING_H 1
| #define HAVE_MEMORY_H 1
| #define HAVE_STRINGS_H 1
| #define HAVE_INTTYPES_H 1
| #define HAVE_STDINT_H 1
| #define HAVE_UNISTD_H 1
| #define TIME_WITH_SYS_TIME 1
| #define X86 1
| #define HAVE_GETTIMEOFDAY 1
| #define HAVE_CLOCK_GETTIME 1
| #define QD_ISNAN(x) std::isnan(x)
| #define QD_ISINF(x) std::isinf(x)
| #define QD_ISFINITE(x) std::isfinite(x)
| #define QD_COPYSIGN(x, y) std::copysign(x, y)
| #define QD_API /**/
| #define QD_HAVE_STD 1
| #define HAVE_FORTRAN 1
| #define FC_FUNC(name,NAME) name ## _
| #define FC_FUNC_(name,NAME) name ## _
| /* end confdefs.h.  */
| #ifdef FC_DUMMY_MAIN_EQ_F77
| #  undef F77_DUMMY_MAIN
| #  undef FC_DUMMY_MAIN
| #else
| #  undef FC_DUMMY_MAIN
| #endif
| #define main __main
| #ifdef FC_DUMMY_MAIN
| #ifndef FC_DUMMY_MAIN_EQ_F77
| #  ifdef __cplusplus
|      extern "C"
| #  endif
|    int FC_DUMMY_MAIN() { return 1; }
| #endif
| #endif
| int
| main ()
| {
| 
|   ;
|   return 0;
| }
configure:7616: gcc -o conftest -g -O2   conftest.c   -L/usr/local/Cellar/gcc/10.2.0_4/lib/gcc/10/gcc/x86_64-apple-darwin20/10.2.0 -L/usr/local/Cellar/gcc/10.2.0_4/lib/gcc/10/gcc/x86_64-apple-darwin20/10.2.0/../../.. -lgfortran -lquadmath -lm  >&5
ld: warning: dylib (/usr/local/Cellar/gcc/10.2.0_4/lib/gcc/10/libgfortran.dylib) was built for newer macOS version (11.2) than being linked (11.0)
ld: warning: dylib (/usr/local/Cellar/gcc/10.2.0_4/lib/gcc/10/libquadmath.dylib) was built for newer macOS version (11.2) than being linked (11.0)
Undefined symbols for architecture x86_64:
  "_main", referenced from:
     implicit entry/start for main executable
ld: symbol(s) not found for architecture x86_64
clang: error: linker command failed with exit code 1 (use -v to see invocation)
configure:7616: $? = 1
configure: failed program was:
| /* confdefs.h */
| #define PACKAGE_NAME "qd"
| #define PACKAGE_TARNAME "qd"
| #define PACKAGE_VERSION "2.3.20"
| #define PACKAGE_STRING "qd 2.3.20"
| #define PACKAGE_BUGREPORT "yozo@cs.berkeley.edu"
| #define PACKAGE_URL ""
| #define MAJOR_VERSION 2
| #define MINOR_VERSION 3
| #define PATCH_VERSION 12
| #define PACKAGE "qd"
| #define VERSION "2.3.20"
| #define QD_INLINE 1
| #define QD_SLOPPY_MUL 1
| #define QD_SLOPPY_DIV 1
| #define STDC_HEADERS 1
| #define HAVE_SYS_TYPES_H 1
| #define HAVE_SYS_STAT_H 1
| #define HAVE_STDLIB_H 1
| #define HAVE_STRING_H 1
| #define HAVE_MEMORY_H 1
| #define HAVE_STRINGS_H 1
| #define HAVE_INTTYPES_H 1
| #define HAVE_STDINT_H 1
| #define HAVE_UNISTD_H 1
| #define TIME_WITH_SYS_TIME 1
| #define X86 1
| #define HAVE_GETTIMEOFDAY 1
| #define HAVE_CLOCK_GETTIME 1
| #define QD_ISNAN(x) std::isnan(x)
| #define QD_ISINF(x) std::isinf(x)
| #define QD_ISFINITE(x) std::isfinite(x)
| #define QD_COPYSIGN(x, y) std::copysign(x, y)
| #define QD_API /**/
| #define QD_HAVE_STD 1
| #define HAVE_FORTRAN 1
| #define FC_FUNC(name,NAME) name ## _
| #define FC_FUNC_(name,NAME) name ## _
| /* end confdefs.h.  */
| #ifdef FC_DUMMY_MAIN_EQ_F77
| #  undef F77_DUMMY_MAIN
| #  undef FC_DUMMY_MAIN
| #else
| #  undef FC_DUMMY_MAIN
| #endif
| #define main MAIN
| #ifdef FC_DUMMY_MAIN
| #ifndef FC_DUMMY_MAIN_EQ_F77
| #  ifdef __cplusplus
|      extern "C"
| #  endif
|    int FC_DUMMY_MAIN() { return 1; }
| #endif
| #endif
| int
| main ()
| {
| 
|   ;
|   return 0;
| }
configure:7616: gcc -o conftest -g -O2   conftest.c   -L/usr/local/Cellar/gcc/10.2.0_4/lib/gcc/10/gcc/x86_64-apple-darwin20/10.2.0 -L/usr/local/Cellar/gcc/10.2.0_4/lib/gcc/10/gcc/x86_64-apple-darwin20/10.2.0/../../.. -lgfortran -lquadmath -lm  >&5
ld: warning: dylib (/usr/local/Cellar/gcc/10.2.0_4/lib/gcc/10/libgfortran.dylib) was built for newer macOS version (11.2) than being linked (11.0)
ld: warning: dylib (/usr/local/Cellar/gcc/10.2.0_4/lib/gcc/10/libquadmath.dylib) was built for newer macOS version (11.2) than being linked (11.0)
Undefined symbols for architecture x86_64:
  "_main", referenced from:
     implicit entry/start for main executable
ld: symbol(s) not found for architecture x86_64
clang: error: linker command failed with exit code 1 (use -v to see invocation)
configure:7616: $? = 1
configure: failed program was:
| /* confdefs.h */
| #define PACKAGE_NAME "qd"
| #define PACKAGE_TARNAME "qd"
| #define PACKAGE_VERSION "2.3.20"
| #define PACKAGE_STRING "qd 2.3.20"
| #define PACKAGE_BUGREPORT "yozo@cs.berkeley.edu"
| #define PACKAGE_URL ""
| #define MAJOR_VERSION 2
| #define MINOR_VERSION 3
| #define PATCH_VERSION 12
| #define PACKAGE "qd"
| #define VERSION "2.3.20"
| #define QD_INLINE 1
| #define QD_SLOPPY_MUL 1
| #define QD_SLOPPY_DIV 1
| #define STDC_HEADERS 1
| #define HAVE_SYS_TYPES_H 1
| #define HAVE_SYS_STAT_H 1
| #define HAVE_STDLIB_H 1
| #define HAVE_STRING_H 1
| #define HAVE_MEMORY_H 1
| #define HAVE_STRINGS_H 1
| #define HAVE_INTTYPES_H 1
| #define HAVE_STDINT_H 1
| #define HAVE_UNISTD_H 1
| #define TIME_WITH_SYS_TIME 1
| #define X86 1
| #define HAVE_GETTIMEOFDAY 1
| #define HAVE_CLOCK_GETTIME 1
| #define QD_ISNAN(x) std::isnan(x)
| #define QD_ISINF(x) std::isinf(x)
| #define QD_ISFINITE(x) std::isfinite(x)
| #define QD_COPYSIGN(x, y) std::copysign(x, y)
| #define QD_API /**/
| #define QD_HAVE_STD 1
| #define HAVE_FORTRAN 1
| #define FC_FUNC(name,NAME) name ## _
| #define FC_FUNC_(name,NAME) name ## _
| /* end confdefs.h.  */
| #ifdef FC_DUMMY_MAIN_EQ_F77
| #  undef F77_DUMMY_MAIN
| #  undef FC_DUMMY_MAIN
| #else
| #  undef FC_DUMMY_MAIN
| #endif
| #define main _MAIN
| #ifdef FC_DUMMY_MAIN
| #ifndef FC_DUMMY_MAIN_EQ_F77
| #  ifdef __cplusplus
|      extern "C"
| #  endif
|    int FC_DUMMY_MAIN() { return 1; }
| #endif
| #endif
| int
| main ()
| {
| 
|   ;
|   return 0;
| }
configure:7616: gcc -o conftest -g -O2   conftest.c   -L/usr/local/Cellar/gcc/10.2.0_4/lib/gcc/10/gcc/x86_64-apple-darwin20/10.2.0 -L/usr/local/Cellar/gcc/10.2.0_4/lib/gcc/10/gcc/x86_64-apple-darwin20/10.2.0/../../.. -lgfortran -lquadmath -lm  >&5
ld: warning: dylib (/usr/local/Cellar/gcc/10.2.0_4/lib/gcc/10/libgfortran.dylib) was built for newer macOS version (11.2) than being linked (11.0)
ld: warning: dylib (/usr/local/Cellar/gcc/10.2.0_4/lib/gcc/10/libquadmath.dylib) was built for newer macOS version (11.2) than being linked (11.0)
Undefined symbols for architecture x86_64:
  "_main", referenced from:
     implicit entry/start for main executable
ld: symbol(s) not found for architecture x86_64
clang: error: linker command failed with exit code 1 (use -v to see invocation)
configure:7616: $? = 1
configure: failed program was:
| /* confdefs.h */
| #define PACKAGE_NAME "qd"
| #define PACKAGE_TARNAME "qd"
| #define PACKAGE_VERSION "2.3.20"
| #define PACKAGE_STRING "qd 2.3.20"
| #define PACKAGE_BUGREPORT "yozo@cs.berkeley.edu"
| #define PACKAGE_URL ""
| #define MAJOR_VERSION 2
| #define MINOR_VERSION 3
| #define PATCH_VERSION 12
| #define PACKAGE "qd"
| #define VERSION "2.3.20"
| #define QD_INLINE 1
| #define QD_SLOPPY_MUL 1
| #define QD_SLOPPY_DIV 1
| #define STDC_HEADERS 1
| #define HAVE_SYS_TYPES_H 1
| #define HAVE_SYS_STAT_H 1
| #define HAVE_STDLIB_H 1
| #define HAVE_STRING_H 1
| #define HAVE_MEMORY_H 1
| #define HAVE_STRINGS_H 1
| #define HAVE_INTTYPES_H 1
| #define HAVE_STDINT_H 1
| #define HAVE_UNISTD_H 1
| #define TIME_WITH_SYS_TIME 1
| #define X86 1
| #define HAVE_GETTIMEOFDAY 1
| #define HAVE_CLOCK_GETTIME 1
| #define QD_ISNAN(x) std::isnan(x)
| #define QD_ISINF(x) std::isinf(x)
| #define QD_ISFINITE(x) std::isfinite(x)
| #define QD_COPYSIGN(x, y) std::copysign(x, y)
| #define QD_API /**/
| #define QD_HAVE_STD 1
| #define HAVE_FORTRAN 1
| #define FC_FUNC(name,NAME) name ## _
| #define FC_FUNC_(name,NAME) name ## _
| /* end confdefs.h.  */
| #ifdef FC_DUMMY_MAIN_EQ_F77
| #  undef F77_DUMMY_MAIN
| #  undef FC_DUMMY_MAIN
| #else
| #  undef FC_DUMMY_MAIN
| #endif
| #define main __MAIN
| #ifdef FC_DUMMY_MAIN
| #ifndef FC_DUMMY_MAIN_EQ_F77
| #  ifdef __cplusplus
|      extern "C"
| #  endif
|    int FC_DUMMY_MAIN() { return 1; }
| #endif
| #endif
| int
| main ()
| {
| 
|   ;
|   return 0;
| }
configure:7616: gcc -o conftest -g -O2   conftest.c   -L/usr/local/Cellar/gcc/10.2.0_4/lib/gcc/10/gcc/x86_64-apple-darwin20/10.2.0 -L/usr/local/Cellar/gcc/10.2.0_4/lib/gcc/10/gcc/x86_64-apple-darwin20/10.2.0/../../.. -lgfortran -lquadmath -lm  >&5
ld: warning: dylib (/usr/local/Cellar/gcc/10.2.0_4/lib/gcc/10/libgfortran.dylib) was built for newer macOS version (11.2) than being linked (11.0)
ld: warning: dylib (/usr/local/Cellar/gcc/10.2.0_4/lib/gcc/10/libquadmath.dylib) was built for newer macOS version (11.2) than being linked (11.0)
Undefined symbols for architecture x86_64:
  "_main", referenced from:
     implicit entry/start for main executable
     (maybe you meant: _main_)
ld: symbol(s) not found for architecture x86_64
clang: error: linker command failed with exit code 1 (use -v to see invocation)
configure:7616: $? = 1
configure: failed program was:
| /* confdefs.h */
| #define PACKAGE_NAME "qd"
| #define PACKAGE_TARNAME "qd"
| #define PACKAGE_VERSION "2.3.20"
| #define PACKAGE_STRING "qd 2.3.20"
| #define PACKAGE_BUGREPORT "yozo@cs.berkeley.edu"
| #define PACKAGE_URL ""
| #define MAJOR_VERSION 2
| #define MINOR_VERSION 3
| #define PATCH_VERSION 12
| #define PACKAGE "qd"
| #define VERSION "2.3.20"
| #define QD_INLINE 1
| #define QD_SLOPPY_MUL 1
| #define QD_SLOPPY_DIV 1
| #define STDC_HEADERS 1
| #define HAVE_SYS_TYPES_H 1
| #define HAVE_SYS_STAT_H 1
| #define HAVE_STDLIB_H 1
| #define HAVE_STRING_H 1
| #define HAVE_MEMORY_H 1
| #define HAVE_STRINGS_H 1
| #define HAVE_INTTYPES_H 1
| #define HAVE_STDINT_H 1
| #define HAVE_UNISTD_H 1
| #define TIME_WITH_SYS_TIME 1
| #define X86 1
| #define HAVE_GETTIMEOFDAY 1
| #define HAVE_CLOCK_GETTIME 1
| #define QD_ISNAN(x) std::isnan(x)
| #define QD_ISINF(x) std::isinf(x)
| #define QD_ISFINITE(x) std::isfinite(x)
| #define QD_COPYSIGN(x, y) std::copysign(x, y)
| #define QD_API /**/
| #define QD_HAVE_STD 1
| #define HAVE_FORTRAN 1
| #define FC_FUNC(name,NAME) name ## _
| #define FC_FUNC_(name,NAME) name ## _
| /* end confdefs.h.  */
| #ifdef FC_DUMMY_MAIN_EQ_F77
| #  undef F77_DUMMY_MAIN
| #  undef FC_DUMMY_MAIN
| #else
| #  undef FC_DUMMY_MAIN
| #endif
| #define main main_
| #ifdef FC_DUMMY_MAIN
| #ifndef FC_DUMMY_MAIN_EQ_F77
| #  ifdef __cplusplus
|      extern "C"
| #  endif
|    int FC_DUMMY_MAIN() { return 1; }
| #endif
| #endif
| int
| main ()
| {
| 
|   ;
|   return 0;
| }
configure:7616: gcc -o conftest -g -O2   conftest.c   -L/usr/local/Cellar/gcc/10.2.0_4/lib/gcc/10/gcc/x86_64-apple-darwin20/10.2.0 -L/usr/local/Cellar/gcc/10.2.0_4/lib/gcc/10/gcc/x86_64-apple-darwin20/10.2.0/../../.. -lgfortran -lquadmath -lm  >&5
ld: warning: dylib (/usr/local/Cellar/gcc/10.2.0_4/lib/gcc/10/libgfortran.dylib) was built for newer macOS version (11.2) than being linked (11.0)
ld: warning: dylib (/usr/local/Cellar/gcc/10.2.0_4/lib/gcc/10/libquadmath.dylib) was built for newer macOS version (11.2) than being linked (11.0)
Undefined symbols for architecture x86_64:
  "_main", referenced from:
     implicit entry/start for main executable
     (maybe you meant: _main__)
ld: symbol(s) not found for architecture x86_64
clang: error: linker command failed with exit code 1 (use -v to see invocation)
configure:7616: $? = 1
configure: failed program was:
| /* confdefs.h */
| #define PACKAGE_NAME "qd"
| #define PACKAGE_TARNAME "qd"
| #define PACKAGE_VERSION "2.3.20"
| #define PACKAGE_STRING "qd 2.3.20"
| #define PACKAGE_BUGREPORT "yozo@cs.berkeley.edu"
| #define PACKAGE_URL ""
| #define MAJOR_VERSION 2
| #define MINOR_VERSION 3
| #define PATCH_VERSION 12
| #define PACKAGE "qd"
| #define VERSION "2.3.20"
| #define QD_INLINE 1
| #define QD_SLOPPY_MUL 1
| #define QD_SLOPPY_DIV 1
| #define STDC_HEADERS 1
| #define HAVE_SYS_TYPES_H 1
| #define HAVE_SYS_STAT_H 1
| #define HAVE_STDLIB_H 1
| #define HAVE_STRING_H 1
| #define HAVE_MEMORY_H 1
| #define HAVE_STRINGS_H 1
| #define HAVE_INTTYPES_H 1
| #define HAVE_STDINT_H 1
| #define HAVE_UNISTD_H 1
| #define TIME_WITH_SYS_TIME 1
| #define X86 1
| #define HAVE_GETTIMEOFDAY 1
| #define HAVE_CLOCK_GETTIME 1
| #define QD_ISNAN(x) std::isnan(x)
| #define QD_ISINF(x) std::isinf(x)
| #define QD_ISFINITE(x) std::isfinite(x)
| #define QD_COPYSIGN(x, y) std::copysign(x, y)
| #define QD_API /**/
| #define QD_HAVE_STD 1
| #define HAVE_FORTRAN 1
| #define FC_FUNC(name,NAME) name ## _
| #define FC_FUNC_(name,NAME) name ## _
| /* end confdefs.h.  */
| #ifdef FC_DUMMY_MAIN_EQ_F77
| #  undef F77_DUMMY_MAIN
| #  undef FC_DUMMY_MAIN
| #else
| #  undef FC_DUMMY_MAIN
| #endif
| #define main main__
| #ifdef FC_DUMMY_MAIN
| #ifndef FC_DUMMY_MAIN_EQ_F77
| #  ifdef __cplusplus
|      extern "C"
| #  endif
|    int FC_DUMMY_MAIN() { return 1; }
| #endif
| #endif
| int
| main ()
| {
| 
|   ;
|   return 0;
| }
configure:7616: gcc -o conftest -g -O2   conftest.c   -L/usr/local/Cellar/gcc/10.2.0_4/lib/gcc/10/gcc/x86_64-apple-darwin20/10.2.0 -L/usr/local/Cellar/gcc/10.2.0_4/lib/gcc/10/gcc/x86_64-apple-darwin20/10.2.0/../../.. -lgfortran -lquadmath -lm  >&5
ld: warning: dylib (/usr/local/Cellar/gcc/10.2.0_4/lib/gcc/10/libgfortran.dylib) was built for newer macOS version (11.2) than being linked (11.0)
ld: warning: dylib (/usr/local/Cellar/gcc/10.2.0_4/lib/gcc/10/libquadmath.dylib) was built for newer macOS version (11.2) than being linked (11.0)
Undefined symbols for architecture x86_64:
  "_main", referenced from:
     implicit entry/start for main executable
     (maybe you meant: __main)
ld: symbol(s) not found for architecture x86_64
clang: error: linker command failed with exit code 1 (use -v to see invocation)
configure:7616: $? = 1
configure: failed program was:
| /* confdefs.h */
| #define PACKAGE_NAME "qd"
| #define PACKAGE_TARNAME "qd"
| #define PACKAGE_VERSION "2.3.20"
| #define PACKAGE_STRING "qd 2.3.20"
| #define PACKAGE_BUGREPORT "yozo@cs.berkeley.edu"
| #define PACKAGE_URL ""
| #define MAJOR_VERSION 2
| #define MINOR_VERSION 3
| #define PATCH_VERSION 12
| #define PACKAGE "qd"
| #define VERSION "2.3.20"
| #define QD_INLINE 1
| #define QD_SLOPPY_MUL 1
| #define QD_SLOPPY_DIV 1
| #define STDC_HEADERS 1
| #define HAVE_SYS_TYPES_H 1
| #define HAVE_SYS_STAT_H 1
| #define HAVE_STDLIB_H 1
| #define HAVE_STRING_H 1
| #define HAVE_MEMORY_H 1
| #define HAVE_STRINGS_H 1
| #define HAVE_INTTYPES_H 1
| #define HAVE_STDINT_H 1
| #define HAVE_UNISTD_H 1
| #define TIME_WITH_SYS_TIME 1
| #define X86 1
| #define HAVE_GETTIMEOFDAY 1
| #define HAVE_CLOCK_GETTIME 1
| #define QD_ISNAN(x) std::isnan(x)
| #define QD_ISINF(x) std::isinf(x)
| #define QD_ISFINITE(x) std::isfinite(x)
| #define QD_COPYSIGN(x, y) std::copysign(x, y)
| #define QD_API /**/
| #define QD_HAVE_STD 1
| #define HAVE_FORTRAN 1
| #define FC_FUNC(name,NAME) name ## _
| #define FC_FUNC_(name,NAME) name ## _
| /* end confdefs.h.  */
| #ifdef FC_DUMMY_MAIN_EQ_F77
| #  undef F77_DUMMY_MAIN
| #  undef FC_DUMMY_MAIN
| #else
| #  undef FC_DUMMY_MAIN
| #endif
| #define main _main
| #ifdef FC_DUMMY_MAIN
| #ifndef FC_DUMMY_MAIN_EQ_F77
| #  ifdef __cplusplus
|      extern "C"
| #  endif
|    int FC_DUMMY_MAIN() { return 1; }
| #endif
| #endif
| int
| main ()
| {
| 
|   ;
|   return 0;
| }
configure:7631: result: main
configure:7645: checking fortran 90 modules inclusion flag
configure:7670: gfortran -c -O2 -ffree-form  conftest.f >&5
configure:7670: $? = 0
configure:7687: gfortran -c -O2 -ffree-form -I tmpdir_0  conftest.f >&5
configure:7687: $? = 0
configure:7705: result: 
configure:7709: checking fortran 90 modules naming style
configure:7734: gfortran -c -O2 -ffree-form  conftest.f >&5
configure:7734: $? = 0
configure:7760: result: 
configure:7811: checking for sqrt in -lm
configure:7844: c++ -o conftest -O2    conftest.cpp -lm   >&5
configure:7844: $? = 0
configure:7853: result: yes
configure:7922: checking for a sed that does not truncate output
configure:7986: result: /usr/bin/sed
configure:8004: checking for fgrep
configure:8066: result: /usr/bin/grep -F
configure:8101: checking for ld used by gcc
configure:8168: result: /Applications/Xcode.app/Contents/Developer/Toolchains/XcodeDefault.xctoolchain/usr/bin/ld
configure:8175: checking if the linker (/Applications/Xcode.app/Contents/Developer/Toolchains/XcodeDefault.xctoolchain/usr/bin/ld) is GNU ld
configure:8190: result: no
configure:8202: checking for BSD- or MS-compatible name lister (nm)
configure:8251: result: /usr/bin/nm -B
configure:8369: checking the name lister (/usr/bin/nm -B) interface
configure:8376: c++ -c -O2   conftest.cpp >&5
configure:8379: /usr/bin/nm -B "conftest.o"
configure:8382: output
0000000000000000 S _some_variable
configure:8389: result: BSD nm
configure:8392: checking whether ln -s works
configure:8396: result: yes
configure:8404: checking the maximum length of command line arguments
configure:8524: result: 786432
configure:8541: checking whether the shell understands some XSI constructs
configure:8551: result: yes
configure:8555: checking whether the shell understands "+="
configure:8561: result: yes
configure:8596: checking for /Applications/Xcode.app/Contents/Developer/Toolchains/XcodeDefault.xctoolchain/usr/bin/ld option to reload object files
configure:8603: result: -r
configure:8672: checking for objdump
configure:8688: found /usr/bin/objdump
configure:8699: result: objdump
configure:8731: checking how to recognize dependent libraries
configure:8927: result: pass_all
configure:8987: checking for ar
configure:9003: found /usr/bin/ar
configure:9014: result: ar
configure:9092: checking for strip
configure:9108: found /usr/bin/strip
configure:9119: result: strip
configure:9191: checking for ranlib
configure:9207: found /usr/bin/ranlib
configure:9218: result: ranlib
configure:9308: checking command to parse /usr/bin/nm -B output from gcc object
configure:9426: c++ -c -O2   conftest.cpp >&5
configure:9429: $? = 0
configure:9433: /usr/bin/nm -B conftest.o \| sed -n -e 's/^.*[	 ]\([BCDEGRST][BCDEGRST]*\)[	 ][	 ]*\([_A-Za-z][_A-Za-z0-9]*\)$/\1 \2 \2/p' \> conftest.nm
configure:9436: $? = 0
cannot find nm_test_var in conftest.nm
configure:9426: c++ -c -O2   conftest.cpp >&5
configure:9429: $? = 0
configure:9433: /usr/bin/nm -B conftest.o \| sed -n -e 's/^.*[	 ]\([BCDEGRST][BCDEGRST]*\)[	 ][	 ]*_\([_A-Za-z][_A-Za-z0-9]*\)$/\1 _\2 \2/p' \> conftest.nm
configure:9436: $? = 0
configure:9490: c++ -o conftest -O2    conftest.cpp conftstm.o >&5
configure:9493: $? = 0
configure:9531: result: ok
configure:9803: checking for dsymutil
configure:9819: found /usr/bin/dsymutil
configure:9830: result: dsymutil
configure:9895: checking for nmedit
configure:9911: found /usr/bin/nmedit
configure:9922: result: nmedit
configure:9987: checking for lipo
configure:10003: found /usr/bin/lipo
configure:10014: result: lipo
configure:10079: checking for otool
configure:10095: found /usr/bin/otool
configure:10106: result: otool
configure:10171: checking for otool64
configure:10201: result: no
configure:10246: checking for -single_module linker flag
gcc -g -O2  -o libconftest.dylib -dynamiclib -Wl,-single_module conftest.c
configure:10273: result: yes
configure:10275: checking for -exported_symbols_list linker flag
configure:10303: c++ -o conftest -O2    -Wl,-exported_symbols_list,conftest.sym conftest.cpp -lm  >&5
configure:10303: $? = 0
configure:10313: result: yes
configure:10352: checking for dlfcn.h
configure:10352: c++ -c -O2   conftest.cpp >&5
configure:10352: $? = 0
configure:10352: result: yes
configure:10477: checking for C++ compiler version
configure:10486: c++ --version >&5
Apple clang version 12.0.0 (clang-1200.0.32.29)
Target: x86_64-apple-darwin20.3.0
Thread model: posix
InstalledDir: /Applications/Xcode.app/Contents/Developer/Toolchains/XcodeDefault.xctoolchain/usr/bin
configure:10497: $? = 0
configure:10486: c++ -v >&5
Apple clang version 12.0.0 (clang-1200.0.32.29)
Target: x86_64-apple-darwin20.3.0
Thread model: posix
InstalledDir: /Applications/Xcode.app/Contents/Developer/Toolchains/XcodeDefault.xctoolchain/usr/bin
configure:10497: $? = 0
configure:10486: c++ -V >&5
clang: error: argument to '-V' is missing (expected 1 value)
clang: error: no input files
configure:10497: $? = 1
configure:10486: c++ -qversion >&5
clang: error: unknown argument '-qversion'; did you mean '--version'?
clang: error: no input files
configure:10497: $? = 1
configure:10501: checking whether we are using the GNU C++ compiler
configure:10537: result: yes
configure:10546: checking whether c++ accepts -g
configure:10631: result: yes
configure:10656: checking dependency style of c++
configure:10766: result: gcc3
configure:10789: checking how to run the C++ preprocessor
configure:10855: result: c++ -E
configure:10875: c++ -E  conftest.cpp
configure:10875: $? = 0
configure:10889: c++ -E  conftest.cpp
conftest.cpp:43:10: fatal error: 'ac_nonexistent.h' file not found
#include <ac_nonexistent.h>
         ^~~~~~~~~~~~~~~~~~
1 error generated.
configure:10889: $? = 1
configure: failed program was:
| /* confdefs.h */
| #define PACKAGE_NAME "qd"
| #define PACKAGE_TARNAME "qd"
| #define PACKAGE_VERSION "2.3.20"
| #define PACKAGE_STRING "qd 2.3.20"
| #define PACKAGE_BUGREPORT "yozo@cs.berkeley.edu"
| #define PACKAGE_URL ""
| #define MAJOR_VERSION 2
| #define MINOR_VERSION 3
| #define PATCH_VERSION 12
| #define PACKAGE "qd"
| #define VERSION "2.3.20"
| #define QD_INLINE 1
| #define QD_SLOPPY_MUL 1
| #define QD_SLOPPY_DIV 1
| #define STDC_HEADERS 1
| #define HAVE_SYS_TYPES_H 1
| #define HAVE_SYS_STAT_H 1
| #define HAVE_STDLIB_H 1
| #define HAVE_STRING_H 1
| #define HAVE_MEMORY_H 1
| #define HAVE_STRINGS_H 1
| #define HAVE_INTTYPES_H 1
| #define HAVE_STDINT_H 1
| #define HAVE_UNISTD_H 1
| #define TIME_WITH_SYS_TIME 1
| #define X86 1
| #define HAVE_GETTIMEOFDAY 1
| #define HAVE_CLOCK_GETTIME 1
| #define QD_ISNAN(x) std::isnan(x)
| #define QD_ISINF(x) std::isinf(x)
| #define QD_ISFINITE(x) std::isfinite(x)
| #define QD_COPYSIGN(x, y) std::copysign(x, y)
| #define QD_API /**/
| #define QD_HAVE_STD 1
| #define HAVE_FORTRAN 1
| #define FC_FUNC(name,NAME) name ## _
| #define FC_FUNC_(name,NAME) name ## _
| #define FC_MAIN main
| #define HAVE_LIBM 1
| #define HAVE_DLFCN_H 1
| /* end confdefs.h.  */
| #include <ac_nonexistent.h>
configure:11029: checking for Fortran compiler version
configure:11038: gfortran --version >&5
GNU Fortran (Homebrew GCC 10.2.0_4) 10.2.0
Copyright (C) 2020 Free Software Foundation, Inc.
This is free software; see the source for copying conditions.  There is NO
warranty; not even for MERCHANTABILITY or FITNESS FOR A PARTICULAR PURPOSE.

configure:11049: $? = 0
configure:11038: gfortran -v >&5
Using built-in specs.
COLLECT_GCC=gfortran
COLLECT_LTO_WRAPPER=/usr/local/Cellar/gcc/10.2.0_4/libexec/gcc/x86_64-apple-darwin20/10.2.0/lto-wrapper
Target: x86_64-apple-darwin20
Configured with: ../configure --build=x86_64-apple-darwin20 --prefix=/usr/local/Cellar/gcc/10.2.0_4 --libdir=/usr/local/Cellar/gcc/10.2.0_4/lib/gcc/10 --disable-nls --enable-checking=release --enable-languages=c,c++,objc,obj-c++,fortran --program-suffix=-10 --with-gmp=/usr/local/opt/gmp --with-mpfr=/usr/local/opt/mpfr --with-mpc=/usr/local/opt/libmpc --with-isl=/usr/local/opt/isl --with-system-zlib --with-pkgversion='Homebrew GCC 10.2.0_4' --with-bugurl=https://github.com/Homebrew/homebrew-core/issues --disable-multilib --with-native-system-header-dir=/usr/include --with-sysroot=/Library/Developer/CommandLineTools/SDKs/MacOSX.sdk SED=/usr/bin/sed
Thread model: posix
Supported LTO compression algorithms: zlib
gcc version 10.2.0 (Homebrew GCC 10.2.0_4) 
configure:11049: $? = 0
configure:11038: gfortran -V >&5
gfortran: error: unrecognized command-line option '-V'
gfortran: fatal error: no input files
compilation terminated.
configure:11049: $? = 1
configure:11038: gfortran -qversion >&5
gfortran: error: unrecognized command-line option '-qversion'; did you mean '--version'?
gfortran: fatal error: no input files
compilation terminated.
configure:11049: $? = 1
configure:11058: checking whether we are using the GNU Fortran compiler
configure:11080: result: yes
configure:11086: checking whether gfortran accepts -g
configure:11105: result: yes
configure:11277: checking for objdir
configure:11292: result: .libs
configure:11588: checking if gcc supports -fno-rtti -fno-exceptions
configure:11606: gcc -c -g -O2  -fno-rtti -fno-exceptions conftest.c >&5
configure:11610: $? = 0
configure:11623: result: yes
configure:11643: checking for gcc option to produce PIC
configure:11915: result: -fno-common -DPIC
configure:11927: checking if gcc PIC flag -fno-common -DPIC works
configure:11945: gcc -c -g -O2  -fno-common -DPIC -DPIC conftest.c >&5
configure:11949: $? = 0
configure:11962: result: yes
configure:11986: checking if gcc static flag -static works
configure:12014: result: no
configure:12029: checking if gcc supports -c -o file.o
configure:12050: gcc -c -g -O2  -o out/conftest2.o conftest.c >&5
configure:12054: $? = 0
configure:12076: result: yes
configure:12084: checking if gcc supports -c -o file.o
configure:12131: result: yes
configure:12164: checking whether the gcc linker (/Applications/Xcode.app/Contents/Developer/Toolchains/XcodeDefault.xctoolchain/usr/bin/ld) supports shared libraries
configure:13171: result: yes
configure:13410: checking dynamic linker characteristics
configure:14081: result: darwin20.3.0 dyld
configure:14183: checking how to hardcode library paths into programs
configure:14208: result: immediate
configure:14768: checking whether stripping libraries is possible
configure:14782: result: yes
configure:14808: checking if libtool supports shared libraries
configure:14810: result: yes
configure:14813: checking whether to build shared libraries
configure:14834: result: no
configure:14837: checking whether to build static libraries
configure:14841: result: yes
configure:14991: checking for ld used by c++
configure:15058: result: /Applications/Xcode.app/Contents/Developer/Toolchains/XcodeDefault.xctoolchain/usr/bin/ld
configure:15065: checking if the linker (/Applications/Xcode.app/Contents/Developer/Toolchains/XcodeDefault.xctoolchain/usr/bin/ld) is GNU ld
configure:15080: result: no
configure:15135: checking whether the c++ linker (/Applications/Xcode.app/Contents/Developer/Toolchains/XcodeDefault.xctoolchain/usr/bin/ld) supports shared libraries
configure:16064: result: yes
configure:16092: c++ -c -O2   conftest.cpp >&5
configure:16095: $? = 0
configure:16277: checking for c++ option to produce PIC
configure:16594: result: -fno-common -DPIC
configure:16603: checking if c++ PIC flag -fno-common -DPIC works
configure:16621: c++ -c -O2   -fno-common -DPIC -DPIC conftest.cpp >&5
configure:16625: $? = 0
configure:16638: result: yes
configure:16659: checking if c++ static flag -static works
configure:16687: result: no
configure:16699: checking if c++ supports -c -o file.o
configure:16720: c++ -c -O2   -o out/conftest2.o conftest.cpp >&5
configure:16724: $? = 0
configure:16746: result: yes
configure:16751: checking if c++ supports -c -o file.o
configure:16798: result: yes
configure:16828: checking whether the c++ linker (/Applications/Xcode.app/Contents/Developer/Toolchains/XcodeDefault.xctoolchain/usr/bin/ld) supports shared libraries
configure:16857: result: yes
configure:16994: checking dynamic linker characteristics
configure:17613: result: darwin20.3.0 dyld
configure:17664: checking how to hardcode library paths into programs
configure:17689: result: immediate
configure:17834: checking if libtool supports shared libraries
configure:17836: result: yes
configure:17839: checking whether to build shared libraries
configure:17859: result: no
configure:17862: checking whether to build static libraries
configure:17866: result: yes
configure:17892: gfortran -c -O2 -ffree-form   conftest.f >&5
configure:17895: $? = 0
configure:18005: checking for gfortran option to produce PIC
configure:18277: result: -fno-common
configure:18286: checking if gfortran PIC flag -fno-common works
configure:18304: gfortran -c -O2 -ffree-form  -fno-common  conftest.f >&5
configure:18308: $? = 0
configure:18321: result: yes
configure:18342: checking if gfortran static flag -static works
configure:18370: result: no
configure:18382: checking if gfortran supports -c -o file.o
configure:18403: gfortran -c -O2 -ffree-form  -o out/conftest2.o  conftest.f >&5
configure:18407: $? = 0
configure:18429: result: yes
configure:18434: checking if gfortran supports -c -o file.o
configure:18481: result: yes
configure:18511: checking whether the gfortran linker (/Applications/Xcode.app/Contents/Developer/Toolchains/XcodeDefault.xctoolchain/usr/bin/ld) supports shared libraries
configure:19489: result: yes
configure:19626: checking dynamic linker characteristics
configure:20231: result: darwin20.3.0 dyld
configure:20282: checking how to hardcode library paths into programs
configure:20307: result: immediate
configure:20496: creating ./config.status

## ---------------------- ##
## Running config.status. ##
## ---------------------- ##

This file was extended by qd config.status 2.3.20, which was
generated by GNU Autoconf 2.65.  Invocation command line was

  CONFIG_FILES    = 
  CONFIG_HEADERS  = 
  CONFIG_LINKS    = 
  CONFIG_COMMANDS = 
  $ ./config.status 

on MacBook-Pro

config.status:1223: creating Makefile
config.status:1223: creating config/Makefile
config.status:1223: creating src/Makefile
config.status:1223: creating include/Makefile
config.status:1223: creating tests/Makefile
config.status:1223: creating fortran/Makefile
config.status:1223: creating qd-config
config.status:1223: creating fortran/second.f
config.status:1223: creating config.h
config.status:1395: config.h is unchanged
config.status:1223: creating include/qd/qd_config.h
config.status:1395: include/qd/qd_config.h is unchanged
config.status:1443: executing depfiles commands
config.status:1443: executing libtool commands

## ---------------- ##
## Cache variables. ##
## ---------------- ##

ac_cv_build=x86_64-apple-darwin20.3.0
ac_cv_c_compiler_gnu=yes
ac_cv_cxx_compiler_gnu=yes
ac_cv_env_CCC_set=
ac_cv_env_CCC_value=
ac_cv_env_CC_set=set
ac_cv_env_CC_value=gcc
ac_cv_env_CFLAGS_set=
ac_cv_env_CFLAGS_value=
ac_cv_env_CPPFLAGS_set=
ac_cv_env_CPPFLAGS_value=
ac_cv_env_CXXCPP_set=
ac_cv_env_CXXCPP_value=
ac_cv_env_CXXFLAGS_set=
ac_cv_env_CXXFLAGS_value=
ac_cv_env_CXX_set=
ac_cv_env_CXX_value=
ac_cv_env_FCFLAGS_set=
ac_cv_env_FCFLAGS_value=
ac_cv_env_FC_set=set
ac_cv_env_FC_value=gfortran
ac_cv_env_LDFLAGS_set=
ac_cv_env_LDFLAGS_value=
ac_cv_env_LIBS_set=
ac_cv_env_LIBS_value=
ac_cv_env_build_alias_set=
ac_cv_env_build_alias_value=
ac_cv_env_host_alias_set=
ac_cv_env_host_alias_value=
ac_cv_env_target_alias_set=
ac_cv_env_target_alias_value=
ac_cv_fc_compiler_gnu=yes
ac_cv_fc_dummy_main=none
ac_cv_fc_freeform=-ffree-form
ac_cv_fc_libs=' -L/usr/local/Cellar/gcc/10.2.0_4/lib/gcc/10/gcc/x86_64-apple-darwin20/10.2.0 -L/usr/local/Cellar/gcc/10.2.0_4/lib/gcc/10/gcc/x86_64-apple-darwin20/10.2.0/../../.. -lgfortran -lquadmath -lm'
ac_cv_fc_main=main
ac_cv_fc_mangling='lower case, underscore, no extra underscore'
ac_cv_fortran_dummy_main=none
ac_cv_fortran_main=main
ac_cv_func_gettimeofday=yes
ac_cv_header_dlfcn_h=yes
ac_cv_header_fpu_control_h=no
ac_cv_header_ieeefp_h=no
ac_cv_header_inttypes_h=yes
ac_cv_header_memory_h=yes
ac_cv_header_stdbool_h=no
ac_cv_header_stdc=yes
ac_cv_header_stdint_h=yes
ac_cv_header_stdlib_h=yes
ac_cv_header_string_h=yes
ac_cv_header_strings_h=yes
ac_cv_header_sys_stat_h=yes
ac_cv_header_sys_types_h=yes
ac_cv_header_time=yes
ac_cv_header_unistd_h=yes
ac_cv_host=x86_64-apple-darwin20.3.0
ac_cv_lib_m_sqrt=yes
ac_cv_objext=o
ac_cv_path_EGREP='/usr/bin/grep -E'
ac_cv_path_FGREP='/usr/bin/grep -F'
ac_cv_path_GREP=/usr/bin/grep
ac_cv_path_SED=/usr/bin/sed
ac_cv_path_install='/usr/bin/install -c'
ac_cv_prog_AWK=awk
ac_cv_prog_CXXCPP='c++ -E'
ac_cv_prog_ac_ct_AR=ar
ac_cv_prog_ac_ct_CC=gcc
ac_cv_prog_ac_ct_CXX=c++
ac_cv_prog_ac_ct_DSYMUTIL=dsymutil
ac_cv_prog_ac_ct_LIPO=lipo
ac_cv_prog_ac_ct_NMEDIT=nmedit
ac_cv_prog_ac_ct_OBJDUMP=objdump
ac_cv_prog_ac_ct_OTOOL=otool
ac_cv_prog_ac_ct_RANLIB=ranlib
ac_cv_prog_ac_ct_STRIP=strip
ac_cv_prog_cc_c89=
ac_cv_prog_cc_g=yes
ac_cv_prog_cxx_g=yes
ac_cv_prog_fc_g=yes
ac_cv_prog_fc_v=-v
ac_cv_prog_make_make_set=yes
ac_cv_search_clock_gettime='none required'
ac_cv_struct_tm=time.h
ac_cv_type__Bool=no
am_cv_CC_dependencies_compiler_type=gcc3
am_cv_CXX_dependencies_compiler_type=gcc3
lt_cv_apple_cc_single_mod=yes
lt_cv_deplibs_check_method=pass_all
lt_cv_file_magic_cmd='$MAGIC_CMD'
lt_cv_file_magic_test_file=
lt_cv_ld_exported_symbols_list=yes
lt_cv_ld_reload_flag=-r
lt_cv_nm_interface='BSD nm'
lt_cv_objdir=.libs
lt_cv_path_LD=/Applications/Xcode.app/Contents/Developer/Toolchains/XcodeDefault.xctoolchain/usr/bin/ld
lt_cv_path_LDCXX=/Applications/Xcode.app/Contents/Developer/Toolchains/XcodeDefault.xctoolchain/usr/bin/ld
lt_cv_path_NM='/usr/bin/nm -B'
lt_cv_prog_compiler_c_o=yes
lt_cv_prog_compiler_c_o_CXX=yes
lt_cv_prog_compiler_c_o_FC=yes
lt_cv_prog_compiler_pic_works=yes
lt_cv_prog_compiler_pic_works_CXX=yes
lt_cv_prog_compiler_pic_works_FC=yes
lt_cv_prog_compiler_rtti_exceptions=yes
lt_cv_prog_compiler_static_works=no
lt_cv_prog_compiler_static_works_CXX=no
lt_cv_prog_compiler_static_works_FC=no
lt_cv_prog_gnu_ld=no
lt_cv_prog_gnu_ldcxx=no
lt_cv_sys_global_symbol_pipe='sed -n -e '\''s/^.*[	 ]\([BCDEGRST][BCDEGRST]*\)[	 ][	 ]*_\([_A-Za-z][_A-Za-z0-9]*\)$/\1 _\2 \2/p'\'''
lt_cv_sys_global_symbol_to_c_name_address='sed -n -e '\''s/^: \([^ ]*\) $/  {\"\1\", (void *) 0},/p'\'' -e '\''s/^[BCDEGRST]* \([^ ]*\) \([^ ]*\)$/  {"\2", (void *) \&\2},/p'\'''
lt_cv_sys_global_symbol_to_c_name_address_lib_prefix='sed -n -e '\''s/^: \([^ ]*\) $/  {\"\1\", (void *) 0},/p'\'' -e '\''s/^[BCDEGRST]* \([^ ]*\) \(lib[^ ]*\)$/  {"\2", (void *) \&\2},/p'\'' -e '\''s/^[BCDEGRST]* \([^ ]*\) \([^ ]*\)$/  {"lib\2", (void *) \&\2},/p'\'''
lt_cv_sys_global_symbol_to_cdecl='sed -n -e '\''s/^T .* \(.*\)$/extern int \1();/p'\'' -e '\''s/^[BCDEGRST]* .* \(.*\)$/extern char \1;/p'\'''
lt_cv_sys_max_cmd_len=786432

## ----------------- ##
## Output variables. ##
## ----------------- ##

ACLOCAL='${SHELL} /Users/maksim/work/qd/config/missing --run aclocal-1.11'
AMDEPBACKSLASH='\'
AMDEP_FALSE='#'
AMDEP_TRUE=''
AMTAR='${SHELL} /Users/maksim/work/qd/config/missing --run tar'
AR='ar'
AUTOCONF='${SHELL} /Users/maksim/work/qd/config/missing --run autoconf'
AUTOHEADER='${SHELL} /Users/maksim/work/qd/config/missing --run autoheader'
AUTOMAKE='${SHELL} /Users/maksim/work/qd/config/missing --run automake-1.11'
AWK='awk'
CC='gcc'
CCDEPMODE='depmode=gcc3'
CFLAGS='-g -O2'
CONFIGURE_ARGS=' '\''CC=gcc'\'' '\''FC=gfortran'\'''
CPPFLAGS=''
CXX='c++'
CXXCPP='c++ -E'
CXXDEPMODE='depmode=gcc3'
CXXFLAGS='-O2 '
CYGPATH_W='echo'
DEFS='-DHAVE_CONFIG_H'
DEPDIR='.deps'
DSYMUTIL='dsymutil'
DUMPBIN=''
ECHO_C='\c'
ECHO_N=''
ECHO_T=''
EGREP='/usr/bin/grep -E'
ETIME='etime'
EXEEXT=''
F77='gfortran'
FC='gfortran'
FCFLAGS='-O2 -ffree-form '
FCLIBS=' -L/usr/local/Cellar/gcc/10.2.0_4/lib/gcc/10/gcc/x86_64-apple-darwin20/10.2.0 -L/usr/local/Cellar/gcc/10.2.0_4/lib/gcc/10/gcc/x86_64-apple-darwin20/10.2.0/../../.. -lgfortran -lquadmath -lm '
FFLAGS='-O2 -ffree-form '
FGREP='/usr/bin/grep -F'
GREP='/usr/bin/grep'
HAVE_FORTRAN_FALSE='#'
HAVE_FORTRAN_TRUE=''
INSTALL_DATA='${INSTALL} -m 644'
INSTALL_PROGRAM='${INSTALL}'
INSTALL_SCRIPT='${INSTALL}'
INSTALL_STRIP_PROGRAM='$(install_sh) -c -s'
LD='/Applications/Xcode.app/Contents/Developer/Toolchains/XcodeDefault.xctoolchain/usr/bin/ld'
LDFLAGS=''
LIBOBJS=''
LIBS='-lm '
LIBTOOL='$(SHELL) $(top_builddir)/libtool'
LIPO='lipo'
LN_S='ln -s'
LTLIBOBJS=''
MAKEINFO='${SHELL} /Users/maksim/work/qd/config/missing --run makeinfo'
MKDIR_P='config/install-sh -c -d'
NM='/usr/bin/nm -B'
NMEDIT='nmedit'
OBJDUMP='objdump'
OBJEXT='o'
OTOOL64=':'
OTOOL='otool'
PACKAGE='qd'
PACKAGE_BUGREPORT='yozo@cs.berkeley.edu'
PACKAGE_NAME='qd'
PACKAGE_STRING='qd 2.3.20'
PACKAGE_TARNAME='qd'
PACKAGE_URL=''
PACKAGE_VERSION='2.3.20'
PATH_SEPARATOR=':'
QD_DEBUG_FALSE=''
QD_DEBUG_TRUE='#'
RANLIB='ranlib'
REQ_CXXFLAGS=''
REQ_FCFLAGS=''
SED='/usr/bin/sed'
SET_MAKE=''
SHELL='/bin/sh'
STRIP='strip'
UPCASE_MODULE_FALSE=''
UPCASE_MODULE_TRUE='#'
VERSION='2.3.20'
ac_ct_CC='gcc'
ac_ct_CXX='c++'
ac_ct_DUMPBIN=''
ac_ct_FC=''
am__EXEEXT_FALSE=''
am__EXEEXT_TRUE='#'
am__fastdepCC_FALSE='#'
am__fastdepCC_TRUE=''
am__fastdepCXX_FALSE='#'
am__fastdepCXX_TRUE=''
am__include='include'
am__isrc=''
am__leading_dot='.'
am__quote=''
am__tar='${AMTAR} chof - "$$tardir"'
am__untar='${AMTAR} xf -'
ax_f90_modflag='-I '
bindir='${exec_prefix}/bin'
build='x86_64-apple-darwin20.3.0'
build_alias=''
build_cpu='x86_64'
build_os='darwin20.3.0'
build_vendor='apple'
datadir='${datarootdir}'
datarootdir='${prefix}/share'
docdir='${datarootdir}/doc/${PACKAGE_TARNAME}'
dvidir='${docdir}'
exec_prefix='${prefix}'
host='x86_64-apple-darwin20.3.0'
host_alias=''
host_cpu='x86_64'
host_os='darwin20.3.0'
host_vendor='apple'
htmldir='${docdir}'
includedir='${prefix}/include'
infodir='${datarootdir}/info'
install_sh='${SHELL} /Users/maksim/work/qd/config/install-sh'
libdir='${exec_prefix}/lib'
libexecdir='${exec_prefix}/libexec'
localedir='${datarootdir}/locale'
localstatedir='${prefix}/var'
lt_ECHO='/bin/echo'
mandir='${datarootdir}/man'
mkdir_p='$(top_builddir)/config/install-sh -c -d'
module_ext='mod'
oldincludedir='/usr/include'
pdfdir='${docdir}'
prefix='/usr/local'
program_transform_name='s,x,x,'
psdir='${docdir}'
sbindir='${exec_prefix}/sbin'
sharedstatedir='${prefix}/com'
sysconfdir='${prefix}/etc'
target_alias=''

## ----------- ##
## confdefs.h. ##
## ----------- ##

/* confdefs.h */
#define PACKAGE_NAME "qd"
#define PACKAGE_TARNAME "qd"
#define PACKAGE_VERSION "2.3.20"
#define PACKAGE_STRING "qd 2.3.20"
#define PACKAGE_BUGREPORT "yozo@cs.berkeley.edu"
#define PACKAGE_URL ""
#define MAJOR_VERSION 2
#define MINOR_VERSION 3
#define PATCH_VERSION 12
#define PACKAGE "qd"
#define VERSION "2.3.20"
#define QD_INLINE 1
#define QD_SLOPPY_MUL 1
#define QD_SLOPPY_DIV 1
#define STDC_HEADERS 1
#define HAVE_SYS_TYPES_H 1
#define HAVE_SYS_STAT_H 1
#define HAVE_STDLIB_H 1
#define HAVE_STRING_H 1
#define HAVE_MEMORY_H 1
#define HAVE_STRINGS_H 1
#define HAVE_INTTYPES_H 1
#define HAVE_STDINT_H 1
#define HAVE_UNISTD_H 1
#define TIME_WITH_SYS_TIME 1
#define X86 1
#define HAVE_GETTIMEOFDAY 1
#define HAVE_CLOCK_GETTIME 1
#define QD_ISNAN(x) std::isnan(x)
#define QD_ISINF(x) std::isinf(x)
#define QD_ISFINITE(x) std::isfinite(x)
#define QD_COPYSIGN(x, y) std::copysign(x, y)
#define QD_API /**/
#define QD_HAVE_STD 1
#define HAVE_FORTRAN 1
#define FC_FUNC(name,NAME) name ## _
#define FC_FUNC_(name,NAME) name ## _
#define FC_MAIN main
#define HAVE_LIBM 1
#define HAVE_DLFCN_H 1
#define LT_OBJDIR ".libs/"

configure: exit 0
